mode: set
/go/src/github.com/k3s-io/k3s/cmd/server/main.go:30.13,35.2 4 1
/go/src/github.com/k3s-io/k3s/cmd/server/main.go:37.13,40.19 3 1
/go/src/github.com/k3s-io/k3s/cmd/server/main.go:40.19,42.3 1 0
/go/src/github.com/k3s-io/k3s/cmd/server/main.go:43.2,81.103 4 1
/go/src/github.com/k3s-io/k3s/cmd/server/main.go:81.103,83.3 1 1
github.com/k3s-io/k3s/pkg/agent/run.go:52.72,56.16 3 1
github.com/k3s-io/k3s/pkg/agent/run.go:56.16,58.3 1 0
github.com/k3s-io/k3s/pkg/agent/run.go:59.2,60.16 2 1
github.com/k3s-io/k3s/pkg/agent/run.go:60.16,62.3 1 0
github.com/k3s-io/k3s/pkg/agent/run.go:63.2,64.16 2 1
github.com/k3s-io/k3s/pkg/agent/run.go:64.16,66.3 1 0
github.com/k3s-io/k3s/pkg/agent/run.go:67.2,73.98 7 1
github.com/k3s-io/k3s/pkg/agent/run.go:73.98,75.3 1 0
github.com/k3s-io/k3s/pkg/agent/run.go:76.2,76.92 1 1
github.com/k3s-io/k3s/pkg/agent/run.go:76.92,78.3 1 0
github.com/k3s-io/k3s/pkg/agent/run.go:79.2,83.16 4 1
github.com/k3s-io/k3s/pkg/agent/run.go:83.16,85.3 1 0
github.com/k3s-io/k3s/pkg/agent/run.go:86.2,90.59 4 1
github.com/k3s-io/k3s/pkg/agent/run.go:90.59,92.3 1 0
github.com/k3s-io/k3s/pkg/agent/run.go:94.2,94.65 1 1
github.com/k3s-io/k3s/pkg/agent/run.go:94.65,96.3 1 0
github.com/k3s-io/k3s/pkg/agent/run.go:98.2,98.27 1 1
github.com/k3s-io/k3s/pkg/agent/run.go:98.27,99.91 1 1
github.com/k3s-io/k3s/pkg/agent/run.go:99.91,101.4 1 0
github.com/k3s-io/k3s/pkg/agent/run.go:101.9,101.174 1 1
github.com/k3s-io/k3s/pkg/agent/run.go:101.174,103.4 1 0
github.com/k3s-io/k3s/pkg/agent/run.go:104.3,104.58 1 1
github.com/k3s-io/k3s/pkg/agent/run.go:104.58,106.4 1 0
github.com/k3s-io/k3s/pkg/agent/run.go:109.2,109.23 1 1
github.com/k3s-io/k3s/pkg/agent/run.go:109.23,110.57 1 1
github.com/k3s-io/k3s/pkg/agent/run.go:110.57,112.4 1 0
github.com/k3s-io/k3s/pkg/agent/run.go:113.8,113.54 1 1
github.com/k3s-io/k3s/pkg/agent/run.go:113.54,114.57 1 1
github.com/k3s-io/k3s/pkg/agent/run.go:114.57,116.4 1 0
github.com/k3s-io/k3s/pkg/agent/run.go:123.2,123.27 1 1
github.com/k3s-io/k3s/pkg/agent/run.go:123.27,125.3 1 1
github.com/k3s-io/k3s/pkg/agent/run.go:127.2,130.76 3 1
github.com/k3s-io/k3s/pkg/agent/run.go:130.76,132.3 1 0
github.com/k3s-io/k3s/pkg/agent/run.go:134.2,134.133 1 1
github.com/k3s-io/k3s/pkg/agent/run.go:134.133,136.3 1 0
github.com/k3s-io/k3s/pkg/agent/run.go:138.2,139.16 2 1
github.com/k3s-io/k3s/pkg/agent/run.go:139.16,141.3 1 0
github.com/k3s-io/k3s/pkg/agent/run.go:143.2,143.84 1 1
github.com/k3s-io/k3s/pkg/agent/run.go:143.84,145.3 1 0
github.com/k3s-io/k3s/pkg/agent/run.go:147.2,147.27 1 1
github.com/k3s-io/k3s/pkg/agent/run.go:147.27,148.83 1 1
github.com/k3s-io/k3s/pkg/agent/run.go:148.83,150.4 1 0
github.com/k3s-io/k3s/pkg/agent/run.go:153.2,153.40 1 1
github.com/k3s-io/k3s/pkg/agent/run.go:153.40,154.53 1 1
github.com/k3s-io/k3s/pkg/agent/run.go:154.53,156.4 1 0
github.com/k3s-io/k3s/pkg/agent/run.go:161.2,161.24 1 1
github.com/k3s-io/k3s/pkg/agent/run.go:161.24,165.3 3 1
github.com/k3s-io/k3s/pkg/agent/run.go:167.2,168.18 2 1
github.com/k3s-io/k3s/pkg/agent/run.go:175.114,183.37 2 1
github.com/k3s-io/k3s/pkg/agent/run.go:183.37,185.3 1 0
github.com/k3s-io/k3s/pkg/agent/run.go:187.2,188.125 2 1
github.com/k3s-io/k3s/pkg/agent/run.go:188.125,190.3 1 0
github.com/k3s-io/k3s/pkg/agent/run.go:191.2,192.16 2 1
github.com/k3s-io/k3s/pkg/agent/run.go:192.16,194.3 1 0
github.com/k3s-io/k3s/pkg/agent/run.go:195.2,197.16 3 1
github.com/k3s-io/k3s/pkg/agent/run.go:197.16,199.3 1 0
github.com/k3s-io/k3s/pkg/agent/run.go:200.2,202.16 3 1
github.com/k3s-io/k3s/pkg/agent/run.go:202.16,204.3 1 0
github.com/k3s-io/k3s/pkg/agent/run.go:205.2,207.16 3 1
github.com/k3s-io/k3s/pkg/agent/run.go:207.16,209.3 1 0
github.com/k3s-io/k3s/pkg/agent/run.go:210.2,211.22 2 1
github.com/k3s-io/k3s/pkg/agent/run.go:218.63,220.16 2 1
github.com/k3s-io/k3s/pkg/agent/run.go:220.16,222.3 1 0
github.com/k3s-io/k3s/pkg/agent/run.go:224.2,225.65 2 1
github.com/k3s-io/k3s/pkg/agent/run.go:225.65,227.3 1 0
github.com/k3s-io/k3s/pkg/agent/run.go:229.2,229.27 1 1
github.com/k3s-io/k3s/pkg/agent/run.go:229.27,231.3 1 1
github.com/k3s-io/k3s/pkg/agent/run.go:233.2,233.65 1 1
github.com/k3s-io/k3s/pkg/agent/run.go:233.65,235.3 1 0
github.com/k3s-io/k3s/pkg/agent/run.go:237.2,238.18 2 1
github.com/k3s-io/k3s/pkg/agent/run.go:244.53,245.43 1 1
github.com/k3s-io/k3s/pkg/agent/run.go:245.43,247.3 1 0
github.com/k3s-io/k3s/pkg/agent/run.go:249.2,249.50 1 1
github.com/k3s-io/k3s/pkg/agent/run.go:249.50,251.17 2 0
github.com/k3s-io/k3s/pkg/agent/run.go:251.17,253.4 1 0
github.com/k3s-io/k3s/pkg/agent/run.go:254.3,254.66 1 0
github.com/k3s-io/k3s/pkg/agent/run.go:254.66,256.4 1 0
github.com/k3s-io/k3s/pkg/agent/run.go:259.2,260.16 2 1
github.com/k3s-io/k3s/pkg/agent/run.go:260.16,262.3 1 0
github.com/k3s-io/k3s/pkg/agent/run.go:264.2,264.29 1 1
github.com/k3s-io/k3s/pkg/agent/run.go:267.93,272.52 4 1
github.com/k3s-io/k3s/pkg/agent/run.go:272.52,274.3 1 0
github.com/k3s-io/k3s/pkg/agent/run.go:275.2,278.16 3 1
github.com/k3s-io/k3s/pkg/agent/run.go:278.16,280.3 1 0
github.com/k3s-io/k3s/pkg/agent/run.go:282.2,287.6 2 1
github.com/k3s-io/k3s/pkg/agent/run.go:287.6,289.17 2 1
github.com/k3s-io/k3s/pkg/agent/run.go:289.17,291.11 2 0
github.com/k3s-io/k3s/pkg/agent/run.go:292.22,293.26 1 0
github.com/k3s-io/k3s/pkg/agent/run.go:294.39,294.39 0 0
github.com/k3s-io/k3s/pkg/agent/run.go:296.4,296.12 1 0
github.com/k3s-io/k3s/pkg/agent/run.go:298.3,299.8 2 1
github.com/k3s-io/k3s/pkg/agent/run.go:301.2,301.19 1 1
github.com/k3s-io/k3s/pkg/agent/run.go:306.111,310.79 3 1
github.com/k3s-io/k3s/pkg/agent/run.go:310.79,313.4 2 1
github.com/k3s-io/k3s/pkg/agent/run.go:314.76,317.4 2 1
github.com/k3s-io/k3s/pkg/agent/run.go:320.2,320.50 1 1
github.com/k3s-io/k3s/pkg/agent/run.go:320.50,322.10 2 1
github.com/k3s-io/k3s/pkg/agent/run.go:322.10,324.4 1 0
github.com/k3s-io/k3s/pkg/agent/run.go:326.3,327.80 2 1
github.com/k3s-io/k3s/pkg/agent/run.go:327.80,330.4 2 0
github.com/k3s-io/k3s/pkg/agent/run.go:332.3,332.30 1 1
github.com/k3s-io/k3s/pkg/agent/run.go:332.30,333.95 1 1
github.com/k3s-io/k3s/pkg/agent/run.go:333.95,336.5 2 1
github.com/k3s-io/k3s/pkg/agent/run.go:337.4,337.87 1 1
github.com/k3s-io/k3s/pkg/agent/run.go:337.87,340.5 2 0
github.com/k3s-io/k3s/pkg/agent/run.go:344.3,344.88 1 1
github.com/k3s-io/k3s/pkg/agent/run.go:344.88,346.4 1 0
github.com/k3s-io/k3s/pkg/agent/run.go:346.9,346.21 1 1
github.com/k3s-io/k3s/pkg/agent/run.go:346.21,348.4 1 1
github.com/k3s-io/k3s/pkg/agent/run.go:350.3,350.83 1 1
github.com/k3s-io/k3s/pkg/agent/run.go:350.83,352.4 1 0
github.com/k3s-io/k3s/pkg/agent/run.go:352.9,352.21 1 1
github.com/k3s-io/k3s/pkg/agent/run.go:352.21,354.4 1 1
github.com/k3s-io/k3s/pkg/agent/run.go:356.3,356.17 1 1
github.com/k3s-io/k3s/pkg/agent/run.go:356.17,357.77 1 1
github.com/k3s-io/k3s/pkg/agent/run.go:357.77,360.5 2 0
github.com/k3s-io/k3s/pkg/agent/run.go:361.4,362.20 2 1
github.com/k3s-io/k3s/pkg/agent/run.go:364.3,365.19 2 0
github.com/k3s-io/k3s/pkg/agent/run.go:368.2,368.89 1 1
github.com/k3s-io/k3s/pkg/agent/run.go:368.89,370.3 1 0
github.com/k3s-io/k3s/pkg/agent/run.go:371.2,371.12 1 1
github.com/k3s-io/k3s/pkg/agent/run.go:374.115,377.43 2 1
github.com/k3s-io/k3s/pkg/agent/run.go:377.43,383.17 2 0
github.com/k3s-io/k3s/pkg/agent/run.go:383.17,385.4 1 0
github.com/k3s-io/k3s/pkg/agent/run.go:386.3,386.16 1 0
github.com/k3s-io/k3s/pkg/agent/run.go:388.2,389.65 2 1
github.com/k3s-io/k3s/pkg/agent/run.go:392.121,394.56 2 1
github.com/k3s-io/k3s/pkg/agent/run.go:394.56,400.39 2 0
github.com/k3s-io/k3s/pkg/agent/run.go:400.39,402.4 1 0
github.com/k3s-io/k3s/pkg/agent/run.go:404.3,405.66 2 0
github.com/k3s-io/k3s/pkg/agent/run.go:407.2,407.19 1 1
github.com/k3s-io/k3s/pkg/agent/run.go:411.123,418.38 3 1
github.com/k3s-io/k3s/pkg/agent/run.go:418.38,420.35 2 1
github.com/k3s-io/k3s/pkg/agent/run.go:420.35,421.58 1 0
github.com/k3s-io/k3s/pkg/agent/run.go:421.58,422.35 1 0
github.com/k3s-io/k3s/pkg/agent/run.go:422.35,424.6 1 0
github.com/k3s-io/k3s/pkg/agent/run.go:425.5,425.35 1 0
github.com/k3s-io/k3s/pkg/agent/run.go:425.35,427.6 1 0
github.com/k3s-io/k3s/pkg/agent/run.go:432.2,433.70 2 1
github.com/k3s-io/k3s/pkg/agent/run.go:440.122,445.40 2 1
github.com/k3s-io/k3s/pkg/agent/run.go:445.40,450.35 1 0
github.com/k3s-io/k3s/pkg/agent/run.go:450.35,452.62 1 0
github.com/k3s-io/k3s/pkg/agent/run.go:452.62,454.5 1 0
github.com/k3s-io/k3s/pkg/agent/run.go:455.4,455.19 1 0
github.com/k3s-io/k3s/pkg/agent/run.go:457.3,457.80 1 0
github.com/k3s-io/k3s/pkg/agent/run.go:457.80,459.4 1 0
github.com/k3s-io/k3s/pkg/agent/run.go:460.8,460.61 1 1
github.com/k3s-io/k3s/pkg/agent/run.go:460.61,463.61 1 0
github.com/k3s-io/k3s/pkg/agent/run.go:463.61,465.4 1 0
github.com/k3s-io/k3s/pkg/agent/run.go:466.3,466.18 1 0
github.com/k3s-io/k3s/pkg/agent/run.go:469.2,469.65 1 1
github.com/k3s-io/k3s/pkg/agent/run.go:469.65,471.3 1 0
github.com/k3s-io/k3s/pkg/agent/run.go:472.2,472.15 1 1
github.com/k3s-io/k3s/pkg/agent/run.go:472.15,474.3 1 1
github.com/k3s-io/k3s/pkg/agent/run.go:475.2,475.12 1 0
github.com/k3s-io/k3s/pkg/agent/run.go:478.125,479.6 1 0
github.com/k3s-io/k3s/pkg/agent/run.go:479.6,480.10 1 0
github.com/k3s-io/k3s/pkg/agent/run.go:481.38,482.50 1 0
github.com/k3s-io/k3s/pkg/agent/run.go:483.40,484.32 1 0
github.com/k3s-io/k3s/pkg/agent/run.go:484.32,486.19 2 0
github.com/k3s-io/k3s/pkg/agent/run.go:486.19,488.16 2 0
github.com/k3s-io/k3s/pkg/agent/run.go:488.16,490.7 1 0
github.com/k3s-io/k3s/pkg/agent/run.go:493.4,494.14 2 0
github.com/k3s-io/k3s/pkg/agent/run.go:495.21,496.20 1 0
github.com/k3s-io/k3s/pkg/agent/run.go:504.111,505.22 1 1
github.com/k3s-io/k3s/pkg/agent/run.go:505.22,507.3 1 0
github.com/k3s-io/k3s/pkg/agent/run.go:508.2,508.45 1 1
github.com/k3s-io/k3s/pkg/agent/run_linux.go:21.71,23.15 2 1
github.com/k3s-io/k3s/pkg/agent/run_linux.go:23.15,24.10 1 1
github.com/k3s-io/k3s/pkg/agent/run_linux.go:25.19,26.24 1 1
github.com/k3s-io/k3s/pkg/agent/run_linux.go:27.11,28.24 1 1
github.com/k3s-io/k3s/pkg/agent/run_linux.go:32.2,33.57 2 1
github.com/k3s-io/k3s/pkg/agent/run_linux.go:33.57,34.57 1 1
github.com/k3s-io/k3s/pkg/agent/run_linux.go:34.57,36.4 1 0
github.com/k3s-io/k3s/pkg/agent/run_linux.go:39.2,40.69 2 1
github.com/k3s-io/k3s/pkg/agent/config/config.go:45.81,49.6 3 1
github.com/k3s-io/k3s/pkg/agent/config/config.go:49.6,51.17 2 1
github.com/k3s-io/k3s/pkg/agent/config/config.go:51.17,53.23 2 0
github.com/k3s-io/k3s/pkg/agent/config/config.go:53.23,54.19 1 0
github.com/k3s-io/k3s/pkg/agent/config/config.go:57.3,57.21 1 1
github.com/k3s-io/k3s/pkg/agent/config/config.go:65.88,69.6 3 1
github.com/k3s-io/k3s/pkg/agent/config/config.go:69.6,71.17 2 1
github.com/k3s-io/k3s/pkg/agent/config/config.go:71.17,73.23 2 1
github.com/k3s-io/k3s/pkg/agent/config/config.go:73.23,74.19 1 1
github.com/k3s-io/k3s/pkg/agent/config/config.go:77.3,77.18 1 1
github.com/k3s-io/k3s/pkg/agent/config/config.go:84.85,88.6 3 1
github.com/k3s-io/k3s/pkg/agent/config/config.go:88.6,90.17 2 1
github.com/k3s-io/k3s/pkg/agent/config/config.go:90.17,93.4 2 0
github.com/k3s-io/k3s/pkg/agent/config/config.go:94.3,94.26 1 1
github.com/k3s-io/k3s/pkg/agent/config/config.go:94.26,96.23 2 0
github.com/k3s-io/k3s/pkg/agent/config/config.go:96.23,97.19 1 0
github.com/k3s-io/k3s/pkg/agent/config/config.go:100.3,100.19 1 1
github.com/k3s-io/k3s/pkg/agent/config/config.go:106.93,108.16 2 1
github.com/k3s-io/k3s/pkg/agent/config/config.go:108.16,110.3 1 0
github.com/k3s-io/k3s/pkg/agent/config/config.go:111.2,112.145 2 1
github.com/k3s-io/k3s/pkg/agent/config/config.go:115.96,116.95 1 1
github.com/k3s-io/k3s/pkg/agent/config/config.go:116.95,118.17 2 1
github.com/k3s-io/k3s/pkg/agent/config/config.go:118.17,120.4 1 0
github.com/k3s-io/k3s/pkg/agent/config/config.go:122.3,122.18 1 1
github.com/k3s-io/k3s/pkg/agent/config/config.go:122.18,124.4 1 0
github.com/k3s-io/k3s/pkg/agent/config/config.go:124.9,124.28 1 1
github.com/k3s-io/k3s/pkg/agent/config/config.go:124.28,126.4 1 1
github.com/k3s-io/k3s/pkg/agent/config/config.go:128.3,130.17 3 1
github.com/k3s-io/k3s/pkg/agent/config/config.go:130.17,132.4 1 0
github.com/k3s-io/k3s/pkg/agent/config/config.go:133.3,137.17 4 1
github.com/k3s-io/k3s/pkg/agent/config/config.go:137.17,139.4 1 0
github.com/k3s-io/k3s/pkg/agent/config/config.go:140.3,142.46 2 1
github.com/k3s-io/k3s/pkg/agent/config/config.go:142.46,144.4 1 0
github.com/k3s-io/k3s/pkg/agent/config/config.go:146.3,146.39 1 1
github.com/k3s-io/k3s/pkg/agent/config/config.go:146.39,148.4 1 0
github.com/k3s-io/k3s/pkg/agent/config/config.go:150.3,150.31 1 1
github.com/k3s-io/k3s/pkg/agent/config/config.go:154.54,155.47 1 0
github.com/k3s-io/k3s/pkg/agent/config/config.go:155.47,158.3 2 0
github.com/k3s-io/k3s/pkg/agent/config/config.go:159.2,161.16 3 0
github.com/k3s-io/k3s/pkg/agent/config/config.go:161.16,163.3 1 0
github.com/k3s-io/k3s/pkg/agent/config/config.go:164.2,165.68 2 0
github.com/k3s-io/k3s/pkg/agent/config/config.go:168.66,169.53 1 1
github.com/k3s-io/k3s/pkg/agent/config/config.go:169.53,172.3 2 1
github.com/k3s-io/k3s/pkg/agent/config/config.go:173.2,175.16 3 1
github.com/k3s-io/k3s/pkg/agent/config/config.go:175.16,177.3 1 0
github.com/k3s-io/k3s/pkg/agent/config/config.go:178.2,179.86 2 1
github.com/k3s-io/k3s/pkg/agent/config/config.go:182.82,184.16 2 1
github.com/k3s-io/k3s/pkg/agent/config/config.go:184.16,186.3 1 1
github.com/k3s-io/k3s/pkg/agent/config/config.go:187.2,187.74 1 0
github.com/k3s-io/k3s/pkg/agent/config/config.go:187.74,190.3 2 0
github.com/k3s-io/k3s/pkg/agent/config/config.go:191.2,191.55 1 0
github.com/k3s-io/k3s/pkg/agent/config/config.go:191.55,194.3 2 0
github.com/k3s-io/k3s/pkg/agent/config/config.go:197.165,199.16 2 1
github.com/k3s-io/k3s/pkg/agent/config/config.go:199.16,201.3 1 0
github.com/k3s-io/k3s/pkg/agent/config/config.go:203.2,205.73 2 1
github.com/k3s-io/k3s/pkg/agent/config/config.go:205.73,207.3 1 0
github.com/k3s-io/k3s/pkg/agent/config/config.go:209.2,209.71 1 1
github.com/k3s-io/k3s/pkg/agent/config/config.go:209.71,211.3 1 0
github.com/k3s-io/k3s/pkg/agent/config/config.go:213.2,214.16 2 1
github.com/k3s-io/k3s/pkg/agent/config/config.go:214.16,216.3 1 0
github.com/k3s-io/k3s/pkg/agent/config/config.go:217.2,217.19 1 1
github.com/k3s-io/k3s/pkg/agent/config/config.go:220.75,223.16 3 1
github.com/k3s-io/k3s/pkg/agent/config/config.go:223.16,225.3 1 0
github.com/k3s-io/k3s/pkg/agent/config/config.go:226.2,226.19 1 1
github.com/k3s-io/k3s/pkg/agent/config/config.go:226.19,227.65 1 1
github.com/k3s-io/k3s/pkg/agent/config/config.go:227.65,229.4 1 0
github.com/k3s-io/k3s/pkg/agent/config/config.go:230.8,232.65 2 1
github.com/k3s-io/k3s/pkg/agent/config/config.go:232.65,234.4 1 0
github.com/k3s-io/k3s/pkg/agent/config/config.go:235.3,235.63 1 1
github.com/k3s-io/k3s/pkg/agent/config/config.go:235.63,237.4 1 0
github.com/k3s-io/k3s/pkg/agent/config/config.go:239.2,239.12 1 1
github.com/k3s-io/k3s/pkg/agent/config/config.go:242.68,243.6 1 1
github.com/k3s-io/k3s/pkg/agent/config/config.go:243.6,245.15 2 1
github.com/k3s-io/k3s/pkg/agent/config/config.go:245.15,246.9 1 1
github.com/k3s-io/k3s/pkg/agent/config/config.go:248.3,250.46 2 1
github.com/k3s-io/k3s/pkg/agent/config/config.go:250.46,252.4 1 1
github.com/k3s-io/k3s/pkg/agent/config/config.go:252.9,254.4 1 1
github.com/k3s-io/k3s/pkg/agent/config/config.go:257.2,257.8 1 1
github.com/k3s-io/k3s/pkg/agent/config/config.go:260.137,263.16 3 1
github.com/k3s-io/k3s/pkg/agent/config/config.go:263.16,265.3 1 0
github.com/k3s-io/k3s/pkg/agent/config/config.go:266.2,268.64 2 1
github.com/k3s-io/k3s/pkg/agent/config/config.go:268.64,270.3 1 0
github.com/k3s-io/k3s/pkg/agent/config/config.go:271.2,271.62 1 1
github.com/k3s-io/k3s/pkg/agent/config/config.go:271.62,273.3 1 0
github.com/k3s-io/k3s/pkg/agent/config/config.go:274.2,274.12 1 1
github.com/k3s-io/k3s/pkg/agent/config/config.go:277.52,279.16 2 1
github.com/k3s-io/k3s/pkg/agent/config/config.go:279.16,281.3 1 0
github.com/k3s-io/k3s/pkg/agent/config/config.go:282.2,286.21 4 1
github.com/k3s-io/k3s/pkg/agent/config/config.go:286.21,288.24 2 1
github.com/k3s-io/k3s/pkg/agent/config/config.go:288.24,290.42 2 1
github.com/k3s-io/k3s/pkg/agent/config/config.go:290.42,292.5 1 1
github.com/k3s-io/k3s/pkg/agent/config/config.go:295.2,295.38 1 1
github.com/k3s-io/k3s/pkg/agent/config/config.go:295.38,297.3 1 0
github.com/k3s-io/k3s/pkg/agent/config/config.go:298.2,298.13 1 1
github.com/k3s-io/k3s/pkg/agent/config/config.go:301.61,302.30 1 1
github.com/k3s-io/k3s/pkg/agent/config/config.go:302.30,304.3 1 0
github.com/k3s-io/k3s/pkg/agent/config/config.go:305.2,306.35 2 1
github.com/k3s-io/k3s/pkg/agent/config/config.go:306.35,307.30 1 1
github.com/k3s-io/k3s/pkg/agent/config/config.go:307.30,309.4 1 1
github.com/k3s-io/k3s/pkg/agent/config/config.go:312.2,313.80 2 0
github.com/k3s-io/k3s/pkg/agent/config/config.go:313.80,316.3 2 0
github.com/k3s-io/k3s/pkg/agent/config/config.go:317.2,318.19 2 0
github.com/k3s-io/k3s/pkg/agent/config/config.go:321.93,322.19 1 1
github.com/k3s-io/k3s/pkg/agent/config/config.go:322.19,324.3 1 0
github.com/k3s-io/k3s/pkg/agent/config/config.go:325.2,329.16 5 1
github.com/k3s-io/k3s/pkg/agent/config/config.go:329.16,331.3 1 0
github.com/k3s-io/k3s/pkg/agent/config/config.go:333.2,334.16 2 1
github.com/k3s-io/k3s/pkg/agent/config/config.go:334.16,336.3 1 0
github.com/k3s-io/k3s/pkg/agent/config/config.go:339.2,339.61 1 1
github.com/k3s-io/k3s/pkg/agent/config/config.go:339.61,341.86 2 0
github.com/k3s-io/k3s/pkg/agent/config/config.go:341.86,343.4 1 0
github.com/k3s-io/k3s/pkg/agent/config/config.go:346.2,347.96 2 1
github.com/k3s-io/k3s/pkg/agent/config/config.go:347.96,349.17 2 1
github.com/k3s-io/k3s/pkg/agent/config/config.go:349.17,351.4 1 0
github.com/k3s-io/k3s/pkg/agent/config/config.go:354.2,355.60 2 1
github.com/k3s-io/k3s/pkg/agent/config/config.go:355.60,357.3 1 0
github.com/k3s-io/k3s/pkg/agent/config/config.go:359.2,360.60 2 1
github.com/k3s-io/k3s/pkg/agent/config/config.go:360.60,362.3 1 0
github.com/k3s-io/k3s/pkg/agent/config/config.go:364.2,368.22 4 1
github.com/k3s-io/k3s/pkg/agent/config/config.go:368.22,370.3 1 0
github.com/k3s-io/k3s/pkg/agent/config/config.go:371.2,372.58 2 1
github.com/k3s-io/k3s/pkg/agent/config/config.go:372.58,374.3 1 0
github.com/k3s-io/k3s/pkg/agent/config/config.go:376.2,381.16 5 1
github.com/k3s-io/k3s/pkg/agent/config/config.go:381.16,383.3 1 0
github.com/k3s-io/k3s/pkg/agent/config/config.go:385.2,386.16 2 1
github.com/k3s-io/k3s/pkg/agent/config/config.go:386.16,388.3 1 0
github.com/k3s-io/k3s/pkg/agent/config/config.go:390.2,390.24 1 1
github.com/k3s-io/k3s/pkg/agent/config/config.go:390.24,392.17 2 0
github.com/k3s-io/k3s/pkg/agent/config/config.go:392.17,394.4 1 0
github.com/k3s-io/k3s/pkg/agent/config/config.go:395.3,395.27 1 0
github.com/k3s-io/k3s/pkg/agent/config/config.go:398.2,402.16 4 1
github.com/k3s-io/k3s/pkg/agent/config/config.go:402.16,404.3 1 0
github.com/k3s-io/k3s/pkg/agent/config/config.go:406.2,406.128 1 1
github.com/k3s-io/k3s/pkg/agent/config/config.go:406.128,408.3 1 0
github.com/k3s-io/k3s/pkg/agent/config/config.go:410.2,411.132 2 1
github.com/k3s-io/k3s/pkg/agent/config/config.go:411.132,413.3 1 0
github.com/k3s-io/k3s/pkg/agent/config/config.go:415.2,417.83 3 1
github.com/k3s-io/k3s/pkg/agent/config/config.go:417.83,419.3 1 0
github.com/k3s-io/k3s/pkg/agent/config/config.go:421.2,422.138 2 1
github.com/k3s-io/k3s/pkg/agent/config/config.go:422.138,424.3 1 0
github.com/k3s-io/k3s/pkg/agent/config/config.go:426.2,428.91 3 1
github.com/k3s-io/k3s/pkg/agent/config/config.go:428.91,430.3 1 0
github.com/k3s-io/k3s/pkg/agent/config/config.go:432.2,433.150 2 1
github.com/k3s-io/k3s/pkg/agent/config/config.go:433.150,435.3 1 0
github.com/k3s-io/k3s/pkg/agent/config/config.go:437.2,464.22 17 1
github.com/k3s-io/k3s/pkg/agent/config/config.go:464.22,466.3 1 0
github.com/k3s-io/k3s/pkg/agent/config/config.go:467.2,472.69 6 1
github.com/k3s-io/k3s/pkg/agent/config/config.go:472.69,473.45 1 1
github.com/k3s-io/k3s/pkg/agent/config/config.go:474.20,475.82 1 1
github.com/k3s-io/k3s/pkg/agent/config/config.go:475.82,478.5 1 0
github.com/k3s-io/k3s/pkg/agent/config/config.go:479.25,480.88 1 0
github.com/k3s-io/k3s/pkg/agent/config/config.go:480.88,483.5 1 0
github.com/k3s-io/k3s/pkg/agent/config/config.go:484.17,485.81 1 0
github.com/k3s-io/k3s/pkg/agent/config/config.go:485.81,488.5 1 0
github.com/k3s-io/k3s/pkg/agent/config/config.go:489.4,489.105 1 0
github.com/k3s-io/k3s/pkg/agent/config/config.go:492.2,502.16 10 1
github.com/k3s-io/k3s/pkg/agent/config/config.go:502.16,504.3 1 0
github.com/k3s-io/k3s/pkg/agent/config/config.go:505.2,511.53 4 1
github.com/k3s-io/k3s/pkg/agent/config/config.go:511.53,513.17 2 1
github.com/k3s-io/k3s/pkg/agent/config/config.go:513.17,515.4 1 0
github.com/k3s-io/k3s/pkg/agent/config/config.go:516.3,516.66 1 1
github.com/k3s-io/k3s/pkg/agent/config/config.go:519.2,520.27 2 1
github.com/k3s-io/k3s/pkg/agent/config/config.go:520.27,522.17 2 1
github.com/k3s-io/k3s/pkg/agent/config/config.go:522.17,524.4 1 0
github.com/k3s-io/k3s/pkg/agent/config/config.go:526.3,526.32 1 1
github.com/k3s-io/k3s/pkg/agent/config/config.go:526.32,528.4 1 1
github.com/k3s-io/k3s/pkg/agent/config/config.go:528.9,531.4 2 0
github.com/k3s-io/k3s/pkg/agent/config/config.go:532.3,534.73 3 1
github.com/k3s-io/k3s/pkg/agent/config/config.go:537.2,537.23 1 1
github.com/k3s-io/k3s/pkg/agent/config/config.go:537.23,540.3 2 1
github.com/k3s-io/k3s/pkg/agent/config/config.go:540.8,540.54 1 1
github.com/k3s-io/k3s/pkg/agent/config/config.go:540.54,542.3 1 1
github.com/k3s-io/k3s/pkg/agent/config/config.go:542.8,544.3 1 1
github.com/k3s-io/k3s/pkg/agent/config/config.go:546.2,546.41 1 1
github.com/k3s-io/k3s/pkg/agent/config/config.go:546.41,549.3 2 1
github.com/k3s-io/k3s/pkg/agent/config/config.go:551.2,551.44 1 1
github.com/k3s-io/k3s/pkg/agent/config/config.go:551.44,553.3 1 1
github.com/k3s-io/k3s/pkg/agent/config/config.go:555.2,555.41 1 1
github.com/k3s-io/k3s/pkg/agent/config/config.go:555.41,558.3 2 1
github.com/k3s-io/k3s/pkg/agent/config/config.go:560.2,560.44 1 1
github.com/k3s-io/k3s/pkg/agent/config/config.go:560.44,562.3 1 1
github.com/k3s-io/k3s/pkg/agent/config/config.go:564.2,564.47 1 1
github.com/k3s-io/k3s/pkg/agent/config/config.go:564.47,566.3 1 1
github.com/k3s-io/k3s/pkg/agent/config/config.go:568.2,568.41 1 1
github.com/k3s-io/k3s/pkg/agent/config/config.go:568.41,570.3 1 0
github.com/k3s-io/k3s/pkg/agent/config/config.go:570.8,572.3 1 1
github.com/k3s-io/k3s/pkg/agent/config/config.go:574.2,579.47 4 1
github.com/k3s-io/k3s/pkg/agent/config/config.go:579.47,580.140 1 0
github.com/k3s-io/k3s/pkg/agent/config/config.go:580.140,582.4 1 0
github.com/k3s-io/k3s/pkg/agent/config/config.go:583.3,583.109 1 0
github.com/k3s-io/k3s/pkg/agent/config/config.go:583.109,585.4 1 0
github.com/k3s-io/k3s/pkg/agent/config/config.go:588.2,602.58 14 1
github.com/k3s-io/k3s/pkg/agent/config/config.go:602.58,604.3 1 0
github.com/k3s-io/k3s/pkg/agent/config/config.go:606.2,606.24 1 1
github.com/k3s-io/k3s/pkg/agent/config/config.go:610.97,613.16 3 1
github.com/k3s-io/k3s/pkg/agent/config/config.go:613.16,615.3 1 0
github.com/k3s-io/k3s/pkg/agent/config/config.go:617.2,618.16 2 1
github.com/k3s-io/k3s/pkg/agent/config/config.go:618.16,620.3 1 0
github.com/k3s-io/k3s/pkg/agent/config/config.go:622.2,623.52 2 1
github.com/k3s-io/k3s/pkg/agent/config/config.go:628.100,631.16 3 1
github.com/k3s-io/k3s/pkg/agent/config/config.go:631.16,633.3 1 0
github.com/k3s-io/k3s/pkg/agent/config/config.go:638.2,638.103 1 1
github.com/k3s-io/k3s/pkg/agent/config/config.go:638.103,640.3 1 1
github.com/k3s-io/k3s/pkg/agent/config/config.go:642.2,643.16 2 1
github.com/k3s-io/k3s/pkg/agent/config/config.go:643.16,645.3 1 0
github.com/k3s-io/k3s/pkg/agent/config/config.go:647.2,647.44 1 1
github.com/k3s-io/k3s/pkg/agent/config/config.go:653.66,655.16 2 1
github.com/k3s-io/k3s/pkg/agent/config/config.go:655.16,657.3 1 0
github.com/k3s-io/k3s/pkg/agent/config/config.go:659.2,660.61 2 1
github.com/k3s-io/k3s/pkg/agent/config/config.go:664.47,667.2 2 1
github.com/k3s-io/k3s/pkg/agent/config/config.go:670.59,674.152 1 1
github.com/k3s-io/k3s/pkg/agent/config/config.go:674.152,676.3 1 0
github.com/k3s-io/k3s/pkg/agent/config/config.go:678.2,678.12 1 1
github.com/k3s-io/k3s/pkg/agent/config/config_linux.go:12.62,15.2 2 1
github.com/k3s-io/k3s/pkg/agent/config/config_linux.go:17.54,19.2 1 1
github.com/k3s-io/k3s/pkg/agent/containerd/command.go:10.33,15.2 1 1
github.com/k3s-io/k3s/pkg/agent/containerd/config_linux.go:30.51,39.2 2 1
github.com/k3s-io/k3s/pkg/agent/containerd/config_linux.go:43.73,45.16 2 1
github.com/k3s-io/k3s/pkg/agent/containerd/config_linux.go:45.16,47.3 1 0
github.com/k3s-io/k3s/pkg/agent/containerd/config_linux.go:49.2,54.19 5 1
github.com/k3s-io/k3s/pkg/agent/containerd/config_linux.go:54.19,56.3 1 0
github.com/k3s-io/k3s/pkg/agent/containerd/config_linux.go:56.8,61.3 1 1
github.com/k3s-io/k3s/pkg/agent/containerd/config_linux.go:63.2,76.16 4 1
github.com/k3s-io/k3s/pkg/agent/containerd/config_linux.go:76.16,78.3 1 0
github.com/k3s-io/k3s/pkg/agent/containerd/config_linux.go:79.2,79.9 1 1
github.com/k3s-io/k3s/pkg/agent/containerd/config_linux.go:80.34,81.155 1 0
github.com/k3s-io/k3s/pkg/agent/containerd/config_linux.go:82.37,83.183 1 0
github.com/k3s-io/k3s/pkg/agent/containerd/config_linux.go:86.2,87.16 2 1
github.com/k3s-io/k3s/pkg/agent/containerd/config_linux.go:87.16,90.3 2 0
github.com/k3s-io/k3s/pkg/agent/containerd/config_linux.go:90.8,90.31 1 1
github.com/k3s-io/k3s/pkg/agent/containerd/config_linux.go:90.31,92.3 1 1
github.com/k3s-io/k3s/pkg/agent/containerd/config_linux.go:92.8,94.3 1 0
github.com/k3s-io/k3s/pkg/agent/containerd/config_linux.go:95.2,96.16 2 1
github.com/k3s-io/k3s/pkg/agent/containerd/config_linux.go:96.16,98.3 1 0
github.com/k3s-io/k3s/pkg/agent/containerd/config_linux.go:100.2,100.63 1 1
github.com/k3s-io/k3s/pkg/agent/containerd/config_linux.go:103.57,105.16 2 0
github.com/k3s-io/k3s/pkg/agent/containerd/config_linux.go:105.16,107.3 1 0
github.com/k3s-io/k3s/pkg/agent/containerd/config_linux.go:109.2,109.29 1 0
github.com/k3s-io/k3s/pkg/agent/containerd/config_linux.go:112.42,114.2 1 1
github.com/k3s-io/k3s/pkg/agent/containerd/config_linux.go:116.48,118.2 1 0
github.com/k3s-io/k3s/pkg/agent/containerd/config_linux.go:120.41,122.2 1 0
github.com/k3s-io/k3s/pkg/agent/containerd/containerd.go:36.55,37.56 1 1
github.com/k3s-io/k3s/pkg/agent/containerd/containerd.go:37.56,39.3 1 0
github.com/k3s-io/k3s/pkg/agent/containerd/containerd.go:41.2,45.30 4 1
github.com/k3s-io/k3s/pkg/agent/containerd/containerd.go:45.30,56.27 3 1
github.com/k3s-io/k3s/pkg/agent/containerd/containerd.go:56.27,59.4 2 0
github.com/k3s-io/k3s/pkg/agent/containerd/containerd.go:59.9,62.4 2 1
github.com/k3s-io/k3s/pkg/agent/containerd/containerd.go:65.2,65.12 1 1
github.com/k3s-io/k3s/pkg/agent/containerd/containerd.go:65.12,69.34 3 1
github.com/k3s-io/k3s/pkg/agent/containerd/containerd.go:69.34,71.11 2 1
github.com/k3s-io/k3s/pkg/agent/containerd/containerd.go:72.36,72.36 0 1
github.com/k3s-io/k3s/pkg/agent/containerd/containerd.go:74.43,76.48 1 0
github.com/k3s-io/k3s/pkg/agent/containerd/containerd.go:77.51,82.49 2 0
github.com/k3s-io/k3s/pkg/agent/containerd/containerd.go:83.12,84.47 1 1
github.com/k3s-io/k3s/pkg/agent/containerd/containerd.go:88.3,95.35 7 1
github.com/k3s-io/k3s/pkg/agent/containerd/containerd.go:95.35,97.4 1 0
github.com/k3s-io/k3s/pkg/agent/containerd/containerd.go:98.3,98.13 1 0
github.com/k3s-io/k3s/pkg/agent/containerd/containerd.go:101.2,101.86 1 1
github.com/k3s-io/k3s/pkg/agent/containerd/containerd.go:101.86,103.3 1 0
github.com/k3s-io/k3s/pkg/agent/containerd/containerd.go:105.2,105.32 1 1
github.com/k3s-io/k3s/pkg/agent/containerd/containerd.go:112.65,114.24 2 1
github.com/k3s-io/k3s/pkg/agent/containerd/containerd.go:114.24,116.3 1 1
github.com/k3s-io/k3s/pkg/agent/containerd/containerd.go:116.8,116.23 1 0
github.com/k3s-io/k3s/pkg/agent/containerd/containerd.go:116.23,119.3 2 0
github.com/k3s-io/k3s/pkg/agent/containerd/containerd.go:121.2,121.23 1 0
github.com/k3s-io/k3s/pkg/agent/containerd/containerd.go:121.23,123.3 1 0
github.com/k3s-io/k3s/pkg/agent/containerd/containerd.go:125.2,126.16 2 0
github.com/k3s-io/k3s/pkg/agent/containerd/containerd.go:126.16,129.3 2 0
github.com/k3s-io/k3s/pkg/agent/containerd/containerd.go:131.2,132.16 2 0
github.com/k3s-io/k3s/pkg/agent/containerd/containerd.go:132.16,134.3 1 0
github.com/k3s-io/k3s/pkg/agent/containerd/containerd.go:135.2,138.16 3 0
github.com/k3s-io/k3s/pkg/agent/containerd/containerd.go:138.16,140.3 1 0
github.com/k3s-io/k3s/pkg/agent/containerd/containerd.go:141.2,149.16 5 0
github.com/k3s-io/k3s/pkg/agent/containerd/containerd.go:149.16,151.3 1 0
github.com/k3s-io/k3s/pkg/agent/containerd/containerd.go:153.2,153.39 1 0
github.com/k3s-io/k3s/pkg/agent/containerd/containerd.go:153.39,154.34 1 0
github.com/k3s-io/k3s/pkg/agent/containerd/containerd.go:154.34,157.4 2 0
github.com/k3s-io/k3s/pkg/agent/containerd/containerd.go:161.2,162.16 2 0
github.com/k3s-io/k3s/pkg/agent/containerd/containerd.go:162.16,164.3 1 0
github.com/k3s-io/k3s/pkg/agent/containerd/containerd.go:167.2,169.37 2 0
github.com/k3s-io/k3s/pkg/agent/containerd/containerd.go:169.37,170.23 1 0
github.com/k3s-io/k3s/pkg/agent/containerd/containerd.go:170.23,171.12 1 0
github.com/k3s-io/k3s/pkg/agent/containerd/containerd.go:174.3,177.74 3 0
github.com/k3s-io/k3s/pkg/agent/containerd/containerd.go:177.74,179.12 2 0
github.com/k3s-io/k3s/pkg/agent/containerd/containerd.go:181.3,181.77 1 0
github.com/k3s-io/k3s/pkg/agent/containerd/containerd.go:183.2,183.12 1 0
github.com/k3s-io/k3s/pkg/agent/containerd/containerd.go:189.133,190.40 1 0
github.com/k3s-io/k3s/pkg/agent/containerd/containerd.go:190.40,192.17 2 0
github.com/k3s-io/k3s/pkg/agent/containerd/containerd.go:192.17,194.4 1 0
github.com/k3s-io/k3s/pkg/agent/containerd/containerd.go:195.3,197.43 3 0
github.com/k3s-io/k3s/pkg/agent/containerd/containerd.go:200.2,201.16 2 0
github.com/k3s-io/k3s/pkg/agent/containerd/containerd.go:201.16,203.3 1 0
github.com/k3s-io/k3s/pkg/agent/containerd/containerd.go:205.2,206.16 2 0
github.com/k3s-io/k3s/pkg/agent/containerd/containerd.go:206.16,208.3 1 0
github.com/k3s-io/k3s/pkg/agent/containerd/containerd.go:209.2,214.16 4 0
github.com/k3s-io/k3s/pkg/agent/containerd/containerd.go:214.16,216.3 1 0
github.com/k3s-io/k3s/pkg/agent/containerd/containerd.go:218.2,218.78 1 0
github.com/k3s-io/k3s/pkg/agent/containerd/containerd.go:224.116,227.31 3 0
github.com/k3s-io/k3s/pkg/agent/containerd/containerd.go:227.31,229.17 2 0
github.com/k3s-io/k3s/pkg/agent/containerd/containerd.go:229.17,231.12 2 0
github.com/k3s-io/k3s/pkg/agent/containerd/containerd.go:233.3,234.39 2 0
github.com/k3s-io/k3s/pkg/agent/containerd/containerd.go:234.39,236.60 2 0
github.com/k3s-io/k3s/pkg/agent/containerd/containerd.go:236.60,237.37 1 0
github.com/k3s-io/k3s/pkg/agent/containerd/containerd.go:237.37,238.64 1 0
github.com/k3s-io/k3s/pkg/agent/containerd/containerd.go:238.64,240.15 2 0
github.com/k3s-io/k3s/pkg/agent/containerd/containerd.go:242.6,242.62 1 0
github.com/k3s-io/k3s/pkg/agent/containerd/containerd.go:242.62,244.15 2 0
github.com/k3s-io/k3s/pkg/agent/containerd/containerd.go:246.11,248.14 2 0
github.com/k3s-io/k3s/pkg/agent/containerd/containerd.go:251.4,251.41 1 0
github.com/k3s-io/k3s/pkg/agent/containerd/containerd.go:254.2,254.32 1 0
github.com/k3s-io/k3s/pkg/agent/containerd/containerd.go:259.64,261.16 2 0
github.com/k3s-io/k3s/pkg/agent/containerd/containerd.go:261.16,263.3 1 0
github.com/k3s-io/k3s/pkg/agent/containerd/containerd.go:264.2,265.9 2 0
github.com/k3s-io/k3s/pkg/agent/containerd/containerd.go:265.9,267.3 1 0
github.com/k3s-io/k3s/pkg/agent/containerd/containerd.go:268.2,268.20 1 0
github.com/k3s-io/k3s/pkg/agent/containerd/containerd.go:273.88,276.21 3 0
github.com/k3s-io/k3s/pkg/agent/containerd/containerd.go:276.21,283.38 3 0
github.com/k3s-io/k3s/pkg/agent/containerd/containerd.go:283.38,284.12 1 0
github.com/k3s-io/k3s/pkg/agent/containerd/containerd.go:287.3,293.17 3 0
github.com/k3s-io/k3s/pkg/agent/containerd/containerd.go:293.17,295.4 1 0
github.com/k3s-io/k3s/pkg/agent/containerd/containerd.go:297.2,297.12 1 0
github.com/k3s-io/k3s/pkg/agent/containerd/nvidia.go:20.91,43.60 4 1
github.com/k3s-io/k3s/pkg/agent/containerd/nvidia.go:43.60,44.45 1 1
github.com/k3s-io/k3s/pkg/agent/containerd/nvidia.go:44.45,47.58 3 1
github.com/k3s-io/k3s/pkg/agent/containerd/nvidia.go:47.58,48.21 1 0
github.com/k3s-io/k3s/pkg/agent/containerd/nvidia.go:48.21,50.14 2 0
github.com/k3s-io/k3s/pkg/agent/containerd/nvidia.go:52.5,56.21 4 0
github.com/k3s-io/k3s/pkg/agent/containerd/nvidia.go:57.10,58.39 1 1
github.com/k3s-io/k3s/pkg/agent/containerd/nvidia.go:58.39,60.6 1 1
github.com/k3s-io/k3s/pkg/agent/containerd/nvidia.go:60.11,62.6 1 0
github.com/k3s-io/k3s/pkg/agent/containerd/nvidia.go:66.2,66.22 1 1
github.com/k3s-io/k3s/pkg/agent/containerd/selinux.go:11.42,12.27 1 1
github.com/k3s-io/k3s/pkg/agent/containerd/selinux.go:12.27,14.3 1 1
github.com/k3s-io/k3s/pkg/agent/containerd/selinux.go:16.2,17.16 2 0
github.com/k3s-io/k3s/pkg/agent/containerd/selinux.go:17.16,19.3 1 0
github.com/k3s-io/k3s/pkg/agent/containerd/selinux.go:21.2,22.16 2 0
github.com/k3s-io/k3s/pkg/agent/containerd/selinux.go:22.16,24.3 1 0
github.com/k3s-io/k3s/pkg/agent/containerd/selinux.go:26.2,26.53 1 0
github.com/k3s-io/k3s/pkg/agent/cri/cri.go:15.80,17.6 2 1
github.com/k3s-io/k3s/pkg/agent/cri/cri.go:17.6,19.17 2 1
github.com/k3s-io/k3s/pkg/agent/cri/cri.go:19.17,21.9 2 1
github.com/k3s-io/k3s/pkg/agent/cri/cri.go:23.3,23.12 1 1
github.com/k3s-io/k3s/pkg/agent/cri/cri.go:23.12,25.4 1 1
github.com/k3s-io/k3s/pkg/agent/cri/cri.go:25.9,27.4 1 0
github.com/k3s-io/k3s/pkg/agent/cri/cri.go:28.3,28.10 1 1
github.com/k3s-io/k3s/pkg/agent/cri/cri.go:29.21,30.20 1 0
github.com/k3s-io/k3s/pkg/agent/cri/cri.go:31.34,31.34 0 1
github.com/k3s-io/k3s/pkg/agent/cri/cri.go:34.2,35.12 2 1
github.com/k3s-io/k3s/pkg/agent/cri/cri_linux.go:18.80,20.16 2 1
github.com/k3s-io/k3s/pkg/agent/cri/cri_linux.go:20.16,22.3 1 0
github.com/k3s-io/k3s/pkg/agent/cri/cri_linux.go:24.2,25.16 2 1
github.com/k3s-io/k3s/pkg/agent/cri/cri_linux.go:25.16,27.3 1 0
github.com/k3s-io/k3s/pkg/agent/cri/cri_linux.go:29.2,33.16 3 1
github.com/k3s-io/k3s/pkg/agent/cri/cri_linux.go:33.16,36.3 2 1
github.com/k3s-io/k3s/pkg/agent/cri/cri_linux.go:38.2,38.18 1 1
github.com/k3s-io/k3s/pkg/agent/cridockerd/config_linux.go:17.72,19.40 2 1
github.com/k3s-io/k3s/pkg/agent/cridockerd/config_linux.go:19.40,21.45 2 0
github.com/k3s-io/k3s/pkg/agent/cridockerd/config_linux.go:21.45,23.4 1 0
github.com/k3s-io/k3s/pkg/agent/cridockerd/config_linux.go:24.3,24.57 1 0
github.com/k3s-io/k3s/pkg/agent/cridockerd/config_linux.go:26.2,27.16 2 1
github.com/k3s-io/k3s/pkg/agent/cridockerd/config_linux.go:27.16,29.3 1 0
github.com/k3s-io/k3s/pkg/agent/cridockerd/config_linux.go:30.2,31.16 2 1
github.com/k3s-io/k3s/pkg/agent/cridockerd/config_linux.go:31.16,33.3 1 0
github.com/k3s-io/k3s/pkg/agent/cridockerd/config_linux.go:37.2,38.12 2 1
github.com/k3s-io/k3s/pkg/agent/cridockerd/cridockerd.go:23.55,24.55 1 1
github.com/k3s-io/k3s/pkg/agent/cridockerd/cridockerd.go:24.55,26.3 1 0
github.com/k3s-io/k3s/pkg/agent/cridockerd/cridockerd.go:28.2,34.12 6 1
github.com/k3s-io/k3s/pkg/agent/cridockerd/cridockerd.go:34.12,35.16 1 1
github.com/k3s-io/k3s/pkg/agent/cridockerd/cridockerd.go:35.16,36.36 1 0
github.com/k3s-io/k3s/pkg/agent/cridockerd/cridockerd.go:36.36,38.5 1 0
github.com/k3s-io/k3s/pkg/agent/cridockerd/cridockerd.go:40.3,40.71 1 1
github.com/k3s-io/k3s/pkg/agent/cridockerd/cridockerd.go:43.2,43.71 1 1
github.com/k3s-io/k3s/pkg/agent/cridockerd/cridockerd.go:46.50,52.79 2 1
github.com/k3s-io/k3s/pkg/agent/cridockerd/cridockerd.go:52.79,54.3 1 0
github.com/k3s-io/k3s/pkg/agent/cridockerd/cridockerd.go:56.2,56.67 1 1
github.com/k3s-io/k3s/pkg/agent/cridockerd/cridockerd.go:56.67,58.3 1 0
github.com/k3s-io/k3s/pkg/agent/cridockerd/cridockerd.go:60.2,60.40 1 1
github.com/k3s-io/k3s/pkg/agent/cridockerd/cridockerd.go:60.40,62.49 2 0
github.com/k3s-io/k3s/pkg/agent/cridockerd/cridockerd.go:62.49,64.4 1 0
github.com/k3s-io/k3s/pkg/agent/cridockerd/cridockerd.go:65.3,65.40 1 0
github.com/k3s-io/k3s/pkg/agent/cridockerd/cridockerd.go:68.2,68.38 1 1
github.com/k3s-io/k3s/pkg/agent/cridockerd/cridockerd.go:68.38,70.3 1 1
github.com/k3s-io/k3s/pkg/agent/cridockerd/cridockerd.go:71.2,71.37 1 1
github.com/k3s-io/k3s/pkg/agent/cridockerd/cridockerd.go:71.37,73.3 1 1
github.com/k3s-io/k3s/pkg/agent/cridockerd/cridockerd.go:74.2,74.31 1 1
github.com/k3s-io/k3s/pkg/agent/cridockerd/cridockerd.go:74.31,76.3 1 1
github.com/k3s-io/k3s/pkg/agent/cridockerd/cridockerd.go:77.2,77.38 1 1
github.com/k3s-io/k3s/pkg/agent/cridockerd/cridockerd.go:77.38,79.3 1 1
github.com/k3s-io/k3s/pkg/agent/cridockerd/cridockerd.go:81.2,82.23 2 1
github.com/k3s-io/k3s/pkg/agent/cridockerd/cridockerd.go:82.23,84.3 1 0
github.com/k3s-io/k3s/pkg/agent/cridockerd/cridockerd.go:86.2,86.37 1 1
github.com/k3s-io/k3s/pkg/agent/flannel/flannel.go:49.164,51.16 2 1
github.com/k3s-io/k3s/pkg/agent/flannel/flannel.go:51.16,53.3 1 0
github.com/k3s-io/k3s/pkg/agent/flannel/flannel.go:55.2,62.16 2 1
github.com/k3s-io/k3s/pkg/agent/flannel/flannel.go:62.16,64.3 1 0
github.com/k3s-io/k3s/pkg/agent/flannel/flannel.go:66.2,67.16 2 1
github.com/k3s-io/k3s/pkg/agent/flannel/flannel.go:67.16,69.3 1 0
github.com/k3s-io/k3s/pkg/agent/flannel/flannel.go:72.2,75.16 3 1
github.com/k3s-io/k3s/pkg/agent/flannel/flannel.go:75.16,77.3 1 0
github.com/k3s-io/k3s/pkg/agent/flannel/flannel.go:79.2,80.16 2 1
github.com/k3s-io/k3s/pkg/agent/flannel/flannel.go:80.16,82.3 1 0
github.com/k3s-io/k3s/pkg/agent/flannel/flannel.go:84.2,84.47 1 1
github.com/k3s-io/k3s/pkg/agent/flannel/flannel.go:84.47,86.17 2 1
github.com/k3s-io/k3s/pkg/agent/flannel/flannel.go:86.17,88.4 1 0
github.com/k3s-io/k3s/pkg/agent/flannel/flannel.go:89.3,91.50 3 1
github.com/k3s-io/k3s/pkg/agent/flannel/flannel.go:91.50,92.28 1 1
github.com/k3s-io/k3s/pkg/agent/flannel/flannel.go:92.28,94.5 1 0
github.com/k3s-io/k3s/pkg/agent/flannel/flannel.go:95.4,95.70 1 1
github.com/k3s-io/k3s/pkg/agent/flannel/flannel.go:97.3,97.49 1 1
github.com/k3s-io/k3s/pkg/agent/flannel/flannel.go:97.49,99.4 1 1
github.com/k3s-io/k3s/pkg/agent/flannel/flannel.go:100.3,101.55 2 1
github.com/k3s-io/k3s/pkg/agent/flannel/flannel.go:104.2,104.53 1 1
github.com/k3s-io/k3s/pkg/agent/flannel/flannel.go:104.53,106.17 2 0
github.com/k3s-io/k3s/pkg/agent/flannel/flannel.go:106.17,108.4 1 0
github.com/k3s-io/k3s/pkg/agent/flannel/flannel.go:109.3,109.22 1 0
github.com/k3s-io/k3s/pkg/agent/flannel/flannel.go:109.22,112.47 3 0
github.com/k3s-io/k3s/pkg/agent/flannel/flannel.go:112.47,113.33 1 0
github.com/k3s-io/k3s/pkg/agent/flannel/flannel.go:113.33,115.6 1 0
github.com/k3s-io/k3s/pkg/agent/flannel/flannel.go:116.5,116.78 1 0
github.com/k3s-io/k3s/pkg/agent/flannel/flannel.go:118.4,118.53 1 0
github.com/k3s-io/k3s/pkg/agent/flannel/flannel.go:120.3,121.46 2 0
github.com/k3s-io/k3s/pkg/agent/flannel/flannel.go:121.46,123.4 1 0
github.com/k3s-io/k3s/pkg/agent/flannel/flannel.go:124.3,124.52 1 0
github.com/k3s-io/k3s/pkg/agent/flannel/flannel.go:127.2,127.107 1 1
github.com/k3s-io/k3s/pkg/agent/flannel/flannel.go:127.107,130.3 1 0
github.com/k3s-io/k3s/pkg/agent/flannel/flannel.go:130.8,132.3 1 1
github.com/k3s-io/k3s/pkg/agent/flannel/flannel.go:135.2,137.12 3 1
github.com/k3s-io/k3s/pkg/agent/flannel/flannel.go:140.96,145.18 4 1
github.com/k3s-io/k3s/pkg/agent/flannel/flannel.go:145.18,147.48 2 0
github.com/k3s-io/k3s/pkg/agent/flannel/flannel.go:147.48,148.64 1 0
github.com/k3s-io/k3s/pkg/agent/flannel/flannel.go:148.64,150.5 1 0
github.com/k3s-io/k3s/pkg/agent/flannel/flannel.go:151.9,152.66 1 0
github.com/k3s-io/k3s/pkg/agent/flannel/flannel.go:152.66,154.5 1 0
github.com/k3s-io/k3s/pkg/agent/flannel/flannel.go:157.2,159.17 2 1
github.com/k3s-io/k3s/pkg/agent/flannel/flannel.go:160.12,162.17 2 1
github.com/k3s-io/k3s/pkg/agent/flannel/flannel.go:162.17,164.4 1 0
github.com/k3s-io/k3s/pkg/agent/flannel/flannel.go:165.3,166.41 2 1
github.com/k3s-io/k3s/pkg/agent/flannel/flannel.go:167.12,169.17 2 0
github.com/k3s-io/k3s/pkg/agent/flannel/flannel.go:169.17,171.4 1 0
github.com/k3s-io/k3s/pkg/agent/flannel/flannel.go:172.3,173.37 2 0
github.com/k3s-io/k3s/pkg/agent/flannel/flannel.go:174.21,176.17 2 0
github.com/k3s-io/k3s/pkg/agent/flannel/flannel.go:176.17,178.4 1 0
github.com/k3s-io/k3s/pkg/agent/flannel/flannel.go:179.3,181.17 3 0
github.com/k3s-io/k3s/pkg/agent/flannel/flannel.go:181.17,183.4 1 0
github.com/k3s-io/k3s/pkg/agent/flannel/flannel.go:184.3,184.101 1 0
github.com/k3s-io/k3s/pkg/agent/flannel/flannel.go:185.10,187.41 2 0
github.com/k3s-io/k3s/pkg/agent/flannel/flannel.go:190.2,190.20 1 1
github.com/k3s-io/k3s/pkg/agent/flannel/flannel.go:190.20,192.3 1 0
github.com/k3s-io/k3s/pkg/agent/flannel/flannel.go:194.2,200.8 1 1
github.com/k3s-io/k3s/pkg/agent/flannel/flannel.go:203.117,209.16 5 1
github.com/k3s-io/k3s/pkg/agent/flannel/flannel.go:209.16,211.3 1 0
github.com/k3s-io/k3s/pkg/agent/flannel/flannel.go:215.2,217.47 3 1
github.com/k3s-io/k3s/pkg/agent/flannel/flannel.go:217.47,220.3 2 1
github.com/k3s-io/k3s/pkg/agent/flannel/flannel.go:222.2,222.39 1 1
github.com/k3s-io/k3s/pkg/agent/flannel/flannel.go:222.39,227.3 4 0
github.com/k3s-io/k3s/pkg/agent/flannel/flannel.go:229.2,232.16 4 1
github.com/k3s-io/k3s/pkg/agent/flannel/flannel.go:232.16,234.3 1 0
github.com/k3s-io/k3s/pkg/agent/flannel/flannel.go:238.2,238.34 1 1
github.com/k3s-io/k3s/pkg/agent/flannel/setup.go:89.66,90.85 1 1
github.com/k3s-io/k3s/pkg/agent/flannel/setup.go:90.85,92.3 1 0
github.com/k3s-io/k3s/pkg/agent/flannel/setup.go:94.2,94.38 1 1
github.com/k3s-io/k3s/pkg/agent/flannel/setup.go:97.95,99.84 2 1
github.com/k3s-io/k3s/pkg/agent/flannel/setup.go:99.84,101.3 1 0
github.com/k3s-io/k3s/pkg/agent/flannel/setup.go:103.2,104.16 2 1
github.com/k3s-io/k3s/pkg/agent/flannel/setup.go:104.16,106.3 1 0
github.com/k3s-io/k3s/pkg/agent/flannel/setup.go:107.2,107.12 1 1
github.com/k3s-io/k3s/pkg/agent/flannel/setup.go:107.12,109.54 2 1
github.com/k3s-io/k3s/pkg/agent/flannel/setup.go:109.54,111.4 1 0
github.com/k3s-io/k3s/pkg/agent/flannel/setup.go:114.2,114.12 1 1
github.com/k3s-io/k3s/pkg/agent/flannel/setup.go:118.98,121.79 2 1
github.com/k3s-io/k3s/pkg/agent/flannel/setup.go:121.79,124.4 2 1
github.com/k3s-io/k3s/pkg/agent/flannel/setup.go:125.76,128.4 2 1
github.com/k3s-io/k3s/pkg/agent/flannel/setup.go:130.2,130.50 1 1
github.com/k3s-io/k3s/pkg/agent/flannel/setup.go:130.50,131.40 1 1
github.com/k3s-io/k3s/pkg/agent/flannel/setup.go:131.40,133.4 1 1
github.com/k3s-io/k3s/pkg/agent/flannel/setup.go:134.3,134.63 1 0
github.com/k3s-io/k3s/pkg/agent/flannel/setup.go:137.2,137.89 1 1
github.com/k3s-io/k3s/pkg/agent/flannel/setup.go:137.89,139.3 1 0
github.com/k3s-io/k3s/pkg/agent/flannel/setup.go:141.2,142.12 2 1
github.com/k3s-io/k3s/pkg/agent/flannel/setup.go:145.63,147.15 2 1
github.com/k3s-io/k3s/pkg/agent/flannel/setup.go:147.15,149.3 1 0
github.com/k3s-io/k3s/pkg/agent/flannel/setup.go:150.2,152.53 2 1
github.com/k3s-io/k3s/pkg/agent/flannel/setup.go:152.53,155.3 2 0
github.com/k3s-io/k3s/pkg/agent/flannel/setup.go:156.2,156.35 1 1
github.com/k3s-io/k3s/pkg/agent/flannel/setup.go:159.55,162.38 3 1
github.com/k3s-io/k3s/pkg/agent/flannel/setup.go:162.38,164.3 1 0
github.com/k3s-io/k3s/pkg/agent/flannel/setup.go:165.2,165.36 1 1
github.com/k3s-io/k3s/pkg/agent/flannel/setup.go:165.36,168.3 2 0
github.com/k3s-io/k3s/pkg/agent/flannel/setup.go:169.2,170.16 2 1
github.com/k3s-io/k3s/pkg/agent/flannel/setup.go:170.16,173.3 2 0
github.com/k3s-io/k3s/pkg/agent/flannel/setup.go:174.2,174.47 1 1
github.com/k3s-io/k3s/pkg/agent/flannel/setup.go:174.47,176.3 1 1
github.com/k3s-io/k3s/pkg/agent/flannel/setup.go:176.8,178.3 1 0
github.com/k3s-io/k3s/pkg/agent/flannel/setup.go:179.2,180.21 2 1
github.com/k3s-io/k3s/pkg/agent/flannel/setup.go:180.21,184.3 3 1
github.com/k3s-io/k3s/pkg/agent/flannel/setup.go:184.8,184.37 1 0
github.com/k3s-io/k3s/pkg/agent/flannel/setup.go:184.37,187.60 3 0
github.com/k3s-io/k3s/pkg/agent/flannel/setup.go:187.60,188.32 1 0
github.com/k3s-io/k3s/pkg/agent/flannel/setup.go:188.32,191.5 1 0
github.com/k3s-io/k3s/pkg/agent/flannel/setup.go:193.8,196.60 3 0
github.com/k3s-io/k3s/pkg/agent/flannel/setup.go:196.60,197.32 1 0
github.com/k3s-io/k3s/pkg/agent/flannel/setup.go:197.32,200.5 1 0
github.com/k3s-io/k3s/pkg/agent/flannel/setup.go:204.2,208.20 5 1
github.com/k3s-io/k3s/pkg/agent/flannel/setup.go:208.20,210.3 1 0
github.com/k3s-io/k3s/pkg/agent/flannel/setup.go:212.2,212.17 1 1
github.com/k3s-io/k3s/pkg/agent/flannel/setup.go:213.34,214.29 1 1
github.com/k3s-io/k3s/pkg/agent/flannel/setup.go:215.35,216.30 1 0
github.com/k3s-io/k3s/pkg/agent/flannel/setup.go:217.34,218.165 1 0
github.com/k3s-io/k3s/pkg/agent/flannel/setup.go:219.44,221.10 2 0
github.com/k3s-io/k3s/pkg/agent/flannel/setup.go:221.10,223.4 1 0
github.com/k3s-io/k3s/pkg/agent/flannel/setup.go:224.3,225.10 2 0
github.com/k3s-io/k3s/pkg/agent/flannel/setup.go:225.10,227.4 1 0
github.com/k3s-io/k3s/pkg/agent/flannel/setup.go:228.3,229.92 2 0
github.com/k3s-io/k3s/pkg/agent/flannel/setup.go:230.10,231.96 1 0
github.com/k3s-io/k3s/pkg/agent/flannel/setup.go:233.2,236.61 3 1
github.com/k3s-io/k3s/pkg/agent/flannel/setup.go:240.51,242.16 2 1
github.com/k3s-io/k3s/pkg/agent/flannel/setup.go:242.16,244.3 1 0
github.com/k3s-io/k3s/pkg/agent/flannel/setup.go:245.2,245.15 1 1
github.com/k3s-io/k3s/pkg/agent/flannel/setup.go:245.15,247.3 1 0
github.com/k3s-io/k3s/pkg/agent/flannel/setup.go:249.2,249.29 1 1
github.com/k3s-io/k3s/pkg/agent/flannel/setup.go:249.29,250.32 1 1
github.com/k3s-io/k3s/pkg/agent/flannel/setup.go:250.32,252.4 1 1
github.com/k3s-io/k3s/pkg/agent/flannel/setup.go:253.3,253.32 1 0
github.com/k3s-io/k3s/pkg/agent/flannel/setup.go:253.32,255.4 1 0
github.com/k3s-io/k3s/pkg/agent/flannel/setup.go:257.2,257.49 1 0
github.com/k3s-io/k3s/pkg/agent/loadbalancer/config.go:10.45,12.16 2 1
github.com/k3s-io/k3s/pkg/agent/loadbalancer/config.go:12.16,14.3 1 0
github.com/k3s-io/k3s/pkg/agent/loadbalancer/config.go:15.2,15.57 1 1
github.com/k3s-io/k3s/pkg/agent/loadbalancer/config.go:18.46,20.64 2 1
github.com/k3s-io/k3s/pkg/agent/loadbalancer/config.go:20.64,22.61 2 1
github.com/k3s-io/k3s/pkg/agent/loadbalancer/config.go:22.61,23.40 1 1
github.com/k3s-io/k3s/pkg/agent/loadbalancer/config.go:23.40,26.5 2 1
github.com/k3s-io/k3s/pkg/agent/loadbalancer/config.go:29.2,29.17 1 1
github.com/k3s-io/k3s/pkg/agent/loadbalancer/config.go:29.17,30.42 1 1
github.com/k3s-io/k3s/pkg/agent/loadbalancer/config.go:30.42,32.4 1 0
github.com/k3s-io/k3s/pkg/agent/loadbalancer/config.go:34.2,34.12 1 1
github.com/k3s-io/k3s/pkg/agent/loadbalancer/loadbalancer.go:61.134,64.12 3 1
github.com/k3s-io/k3s/pkg/agent/loadbalancer/loadbalancer.go:64.12,66.3 1 0
github.com/k3s-io/k3s/pkg/agent/loadbalancer/loadbalancer.go:66.8,68.3 1 1
github.com/k3s-io/k3s/pkg/agent/loadbalancer/loadbalancer.go:69.2,70.15 2 1
github.com/k3s-io/k3s/pkg/agent/loadbalancer/loadbalancer.go:70.15,71.18 1 1
github.com/k3s-io/k3s/pkg/agent/loadbalancer/loadbalancer.go:71.18,73.23 2 0
github.com/k3s-io/k3s/pkg/agent/loadbalancer/loadbalancer.go:73.23,75.5 1 0
github.com/k3s-io/k3s/pkg/agent/loadbalancer/loadbalancer.go:78.2,78.16 1 1
github.com/k3s-io/k3s/pkg/agent/loadbalancer/loadbalancer.go:78.16,80.3 1 0
github.com/k3s-io/k3s/pkg/agent/loadbalancer/loadbalancer.go:83.2,86.16 3 1
github.com/k3s-io/k3s/pkg/agent/loadbalancer/loadbalancer.go:86.16,88.3 1 0
github.com/k3s-io/k3s/pkg/agent/loadbalancer/loadbalancer.go:90.2,90.33 1 1
github.com/k3s-io/k3s/pkg/agent/loadbalancer/loadbalancer.go:90.33,93.3 2 0
github.com/k3s-io/k3s/pkg/agent/loadbalancer/loadbalancer.go:95.2,108.58 3 1
github.com/k3s-io/k3s/pkg/agent/loadbalancer/loadbalancer.go:108.58,110.4 1 1
github.com/k3s-io/k3s/pkg/agent/loadbalancer/loadbalancer.go:112.2,118.42 2 1
github.com/k3s-io/k3s/pkg/agent/loadbalancer/loadbalancer.go:118.42,120.3 1 0
github.com/k3s-io/k3s/pkg/agent/loadbalancer/loadbalancer.go:121.2,121.41 1 1
github.com/k3s-io/k3s/pkg/agent/loadbalancer/loadbalancer.go:121.41,123.3 1 0
github.com/k3s-io/k3s/pkg/agent/loadbalancer/loadbalancer.go:124.2,126.16 2 1
github.com/k3s-io/k3s/pkg/agent/loadbalancer/loadbalancer.go:129.58,135.88 4 1
github.com/k3s-io/k3s/pkg/agent/loadbalancer/loadbalancer.go:135.88,138.3 2 0
github.com/k3s-io/k3s/pkg/agent/loadbalancer/loadbalancer.go:140.2,140.45 1 1
github.com/k3s-io/k3s/pkg/agent/loadbalancer/loadbalancer.go:140.45,142.3 1 0
github.com/k3s-io/k3s/pkg/agent/loadbalancer/loadbalancer.go:144.2,145.102 2 1
github.com/k3s-io/k3s/pkg/agent/loadbalancer/loadbalancer.go:148.58,149.15 1 1
github.com/k3s-io/k3s/pkg/agent/loadbalancer/loadbalancer.go:149.15,151.3 1 0
github.com/k3s-io/k3s/pkg/agent/loadbalancer/loadbalancer.go:152.2,152.37 1 1
github.com/k3s-io/k3s/pkg/agent/loadbalancer/loadbalancer.go:152.37,154.3 1 1
github.com/k3s-io/k3s/pkg/agent/loadbalancer/loadbalancer.go:155.2,157.41 2 0
github.com/k3s-io/k3s/pkg/agent/loadbalancer/loadbalancer.go:157.41,159.3 1 0
github.com/k3s-io/k3s/pkg/agent/loadbalancer/loadbalancer.go:162.56,163.15 1 1
github.com/k3s-io/k3s/pkg/agent/loadbalancer/loadbalancer.go:163.15,165.3 1 0
github.com/k3s-io/k3s/pkg/agent/loadbalancer/loadbalancer.go:166.2,166.26 1 1
github.com/k3s-io/k3s/pkg/agent/loadbalancer/loadbalancer.go:169.101,171.6 2 1
github.com/k3s-io/k3s/pkg/agent/loadbalancer/loadbalancer.go:171.6,175.42 3 1
github.com/k3s-io/k3s/pkg/agent/loadbalancer/loadbalancer.go:175.42,177.4 1 0
github.com/k3s-io/k3s/pkg/agent/loadbalancer/loadbalancer.go:177.9,179.18 2 1
github.com/k3s-io/k3s/pkg/agent/loadbalancer/loadbalancer.go:179.18,181.5 1 1
github.com/k3s-io/k3s/pkg/agent/loadbalancer/loadbalancer.go:182.4,182.78 1 1
github.com/k3s-io/k3s/pkg/agent/loadbalancer/loadbalancer.go:185.3,186.17 2 1
github.com/k3s-io/k3s/pkg/agent/loadbalancer/loadbalancer.go:186.17,188.4 1 0
github.com/k3s-io/k3s/pkg/agent/loadbalancer/loadbalancer.go:189.3,189.32 1 1
github.com/k3s-io/k3s/pkg/agent/loadbalancer/loadbalancer.go:189.32,191.4 1 0
github.com/k3s-io/k3s/pkg/agent/loadbalancer/loadbalancer.go:192.3,192.23 1 1
github.com/k3s-io/k3s/pkg/agent/loadbalancer/loadbalancer.go:192.23,194.4 1 0
github.com/k3s-io/k3s/pkg/agent/loadbalancer/loadbalancer.go:196.3,197.28 2 1
github.com/k3s-io/k3s/pkg/agent/loadbalancer/loadbalancer.go:197.28,199.4 1 0
github.com/k3s-io/k3s/pkg/agent/loadbalancer/loadbalancer.go:200.3,200.39 1 1
github.com/k3s-io/k3s/pkg/agent/loadbalancer/loadbalancer.go:200.39,202.4 1 1
github.com/k3s-io/k3s/pkg/agent/loadbalancer/loadbalancer.go:206.50,209.2 2 1
github.com/k3s-io/k3s/pkg/agent/loadbalancer/loadbalancer.go:212.59,214.45 2 0
github.com/k3s-io/k3s/pkg/agent/loadbalancer/loadbalancer.go:214.45,216.3 1 0
github.com/k3s-io/k3s/pkg/agent/loadbalancer/loadbalancer.go:217.2,217.12 1 0
github.com/k3s-io/k3s/pkg/agent/loadbalancer/servers.go:15.67,17.31 2 1
github.com/k3s-io/k3s/pkg/agent/loadbalancer/servers.go:17.31,19.3 1 0
github.com/k3s-io/k3s/pkg/agent/loadbalancer/servers.go:21.2,26.38 5 1
github.com/k3s-io/k3s/pkg/agent/loadbalancer/servers.go:26.38,28.3 1 1
github.com/k3s-io/k3s/pkg/agent/loadbalancer/servers.go:30.2,30.65 1 1
github.com/k3s-io/k3s/pkg/agent/loadbalancer/servers.go:30.65,33.3 2 1
github.com/k3s-io/k3s/pkg/agent/loadbalancer/servers.go:35.2,35.67 1 1
github.com/k3s-io/k3s/pkg/agent/loadbalancer/servers.go:35.67,37.20 2 0
github.com/k3s-io/k3s/pkg/agent/loadbalancer/servers.go:37.20,44.48 3 0
github.com/k3s-io/k3s/pkg/agent/loadbalancer/servers.go:44.48,46.5 1 0
github.com/k3s-io/k3s/pkg/agent/loadbalancer/servers.go:50.2,52.53 3 1
github.com/k3s-io/k3s/pkg/agent/loadbalancer/servers.go:52.53,54.3 1 0
github.com/k3s-io/k3s/pkg/agent/loadbalancer/servers.go:55.2,55.24 1 1
github.com/k3s-io/k3s/pkg/agent/loadbalancer/servers.go:55.24,57.3 1 0
github.com/k3s-io/k3s/pkg/agent/loadbalancer/servers.go:58.2,61.13 3 1
github.com/k3s-io/k3s/pkg/agent/loadbalancer/servers.go:64.73,68.32 3 1
github.com/k3s-io/k3s/pkg/agent/loadbalancer/servers.go:68.32,70.3 1 0
github.com/k3s-io/k3s/pkg/agent/loadbalancer/servers.go:71.2,71.32 1 1
github.com/k3s-io/k3s/pkg/agent/loadbalancer/servers.go:71.32,73.3 1 1
github.com/k3s-io/k3s/pkg/agent/loadbalancer/servers.go:74.2,74.45 1 0
github.com/k3s-io/k3s/pkg/agent/loadbalancer/servers.go:74.45,76.3 1 0
github.com/k3s-io/k3s/pkg/agent/loadbalancer/servers.go:77.2,77.49 1 0
github.com/k3s-io/k3s/pkg/agent/loadbalancer/servers.go:77.49,79.3 1 0
github.com/k3s-io/k3s/pkg/agent/loadbalancer/servers.go:81.2,84.37 3 0
github.com/k3s-io/k3s/pkg/agent/loadbalancer/servers.go:88.94,90.16 2 1
github.com/k3s-io/k3s/pkg/agent/loadbalancer/servers.go:90.16,92.3 1 1
github.com/k3s-io/k3s/pkg/agent/loadbalancer/servers.go:95.2,100.18 5 1
github.com/k3s-io/k3s/pkg/agent/loadbalancer/servers.go:104.29,109.34 4 0
github.com/k3s-io/k3s/pkg/agent/loadbalancer/servers.go:109.34,112.3 1 0
github.com/k3s-io/k3s/pkg/agent/loadbalancer/servers.go:117.37,123.2 4 1
github.com/k3s-io/k3s/pkg/agent/loadbalancer/utility.go:10.66,12.16 2 1
github.com/k3s-io/k3s/pkg/agent/loadbalancer/utility.go:12.16,14.3 1 0
github.com/k3s-io/k3s/pkg/agent/loadbalancer/utility.go:15.2,15.26 1 1
github.com/k3s-io/k3s/pkg/agent/loadbalancer/utility.go:15.26,17.3 1 0
github.com/k3s-io/k3s/pkg/agent/loadbalancer/utility.go:18.2,19.28 2 1
github.com/k3s-io/k3s/pkg/agent/loadbalancer/utility.go:19.28,20.50 1 0
github.com/k3s-io/k3s/pkg/agent/loadbalancer/utility.go:20.50,22.4 1 0
github.com/k3s-io/k3s/pkg/agent/loadbalancer/utility.go:23.3,23.51 1 0
github.com/k3s-io/k3s/pkg/agent/loadbalancer/utility.go:23.51,25.4 1 0
github.com/k3s-io/k3s/pkg/agent/loadbalancer/utility.go:27.2,28.41 2 1
github.com/k3s-io/k3s/pkg/agent/loadbalancer/utility.go:31.66,36.30 4 1
github.com/k3s-io/k3s/pkg/agent/loadbalancer/utility.go:36.30,37.18 1 1
github.com/k3s-io/k3s/pkg/agent/loadbalancer/utility.go:37.18,38.12 1 0
github.com/k3s-io/k3s/pkg/agent/loadbalancer/utility.go:40.3,40.22 1 1
github.com/k3s-io/k3s/pkg/agent/loadbalancer/utility.go:40.22,42.4 1 1
github.com/k3s-io/k3s/pkg/agent/loadbalancer/utility.go:43.3,44.33 2 1
github.com/k3s-io/k3s/pkg/agent/loadbalancer/utility.go:47.2,48.22 2 1
github.com/k3s-io/k3s/pkg/agent/loadbalancer/utlity_linux.go:11.69,12.47 1 1
github.com/k3s-io/k3s/pkg/agent/loadbalancer/utlity_linux.go:12.47,14.3 1 1
github.com/k3s-io/k3s/pkg/agent/netpol/netpol.go:36.62,38.16 2 1
github.com/k3s-io/k3s/pkg/agent/netpol/netpol.go:38.16,41.3 2 0
github.com/k3s-io/k3s/pkg/agent/netpol/netpol.go:43.2,43.35 1 1
github.com/k3s-io/k3s/pkg/agent/netpol/netpol.go:43.35,46.3 2 0
github.com/k3s-io/k3s/pkg/agent/netpol/netpol.go:48.2,49.16 2 1
github.com/k3s-io/k3s/pkg/agent/netpol/netpol.go:49.16,51.3 1 0
github.com/k3s-io/k3s/pkg/agent/netpol/netpol.go:53.2,54.16 2 1
github.com/k3s-io/k3s/pkg/agent/netpol/netpol.go:54.16,56.3 1 0
github.com/k3s-io/k3s/pkg/agent/netpol/netpol.go:58.2,60.59 3 1
github.com/k3s-io/k3s/pkg/agent/netpol/netpol.go:60.59,62.3 1 1
github.com/k3s-io/k3s/pkg/agent/netpol/netpol.go:63.2,89.39 21 1
github.com/k3s-io/k3s/pkg/agent/netpol/netpol.go:89.39,91.17 2 1
github.com/k3s-io/k3s/pkg/agent/netpol/netpol.go:91.17,93.4 1 0
github.com/k3s-io/k3s/pkg/agent/netpol/netpol.go:94.3,97.17 3 1
github.com/k3s-io/k3s/pkg/agent/netpol/netpol.go:97.17,99.4 1 0
github.com/k3s-io/k3s/pkg/agent/netpol/netpol.go:100.3,100.45 1 1
github.com/k3s-io/k3s/pkg/agent/netpol/netpol.go:103.2,103.39 1 1
github.com/k3s-io/k3s/pkg/agent/netpol/netpol.go:103.39,105.17 2 0
github.com/k3s-io/k3s/pkg/agent/netpol/netpol.go:105.17,107.4 1 0
github.com/k3s-io/k3s/pkg/agent/netpol/netpol.go:108.3,111.17 3 0
github.com/k3s-io/k3s/pkg/agent/netpol/netpol.go:111.17,113.4 1 0
github.com/k3s-io/k3s/pkg/agent/netpol/netpol.go:114.3,114.45 1 0
github.com/k3s-io/k3s/pkg/agent/netpol/netpol.go:118.2,119.16 2 1
github.com/k3s-io/k3s/pkg/agent/netpol/netpol.go:119.16,121.3 1 0
github.com/k3s-io/k3s/pkg/agent/netpol/netpol.go:124.2,131.16 5 1
github.com/k3s-io/k3s/pkg/agent/netpol/netpol.go:131.16,133.3 1 0
github.com/k3s-io/k3s/pkg/agent/netpol/netpol.go:135.2,143.12 7 1
github.com/k3s-io/k3s/pkg/agent/proxy/apiproxy.go:33.139,43.15 2 1
github.com/k3s-io/k3s/pkg/agent/proxy/apiproxy.go:43.15,45.17 2 1
github.com/k3s-io/k3s/pkg/agent/proxy/apiproxy.go:45.17,47.4 1 0
github.com/k3s-io/k3s/pkg/agent/proxy/apiproxy.go:48.3,50.35 3 1
github.com/k3s-io/k3s/pkg/agent/proxy/apiproxy.go:53.2,54.16 2 1
github.com/k3s-io/k3s/pkg/agent/proxy/apiproxy.go:54.16,56.3 1 0
github.com/k3s-io/k3s/pkg/agent/proxy/apiproxy.go:57.2,60.16 3 1
github.com/k3s-io/k3s/pkg/agent/proxy/apiproxy.go:80.44,84.24 3 1
github.com/k3s-io/k3s/pkg/agent/proxy/apiproxy.go:84.24,86.3 1 0
github.com/k3s-io/k3s/pkg/agent/proxy/apiproxy.go:87.2,87.26 1 1
github.com/k3s-io/k3s/pkg/agent/proxy/apiproxy.go:87.26,89.3 1 0
github.com/k3s-io/k3s/pkg/agent/proxy/apiproxy.go:90.2,90.27 1 1
github.com/k3s-io/k3s/pkg/agent/proxy/apiproxy.go:90.27,92.3 1 1
github.com/k3s-io/k3s/pkg/agent/proxy/apiproxy.go:93.2,93.45 1 1
github.com/k3s-io/k3s/pkg/agent/proxy/apiproxy.go:96.64,98.36 2 0
github.com/k3s-io/k3s/pkg/agent/proxy/apiproxy.go:98.36,100.17 2 0
github.com/k3s-io/k3s/pkg/agent/proxy/apiproxy.go:100.17,102.12 2 0
github.com/k3s-io/k3s/pkg/agent/proxy/apiproxy.go:104.3,104.80 1 0
github.com/k3s-io/k3s/pkg/agent/proxy/apiproxy.go:106.2,106.21 1 0
github.com/k3s-io/k3s/pkg/agent/proxy/apiproxy.go:114.84,116.16 2 0
github.com/k3s-io/k3s/pkg/agent/proxy/apiproxy.go:116.16,118.3 1 0
github.com/k3s-io/k3s/pkg/agent/proxy/apiproxy.go:119.2,124.41 4 0
github.com/k3s-io/k3s/pkg/agent/proxy/apiproxy.go:124.41,126.24 2 0
github.com/k3s-io/k3s/pkg/agent/proxy/apiproxy.go:126.24,128.4 1 0
github.com/k3s-io/k3s/pkg/agent/proxy/apiproxy.go:129.3,130.17 2 0
github.com/k3s-io/k3s/pkg/agent/proxy/apiproxy.go:130.17,132.4 1 0
github.com/k3s-io/k3s/pkg/agent/proxy/apiproxy.go:133.3,134.21 2 0
github.com/k3s-io/k3s/pkg/agent/proxy/apiproxy.go:137.2,137.12 1 0
github.com/k3s-io/k3s/pkg/agent/proxy/apiproxy.go:144.54,146.16 2 1
github.com/k3s-io/k3s/pkg/agent/proxy/apiproxy.go:146.16,149.3 2 0
github.com/k3s-io/k3s/pkg/agent/proxy/apiproxy.go:150.2,150.24 1 1
github.com/k3s-io/k3s/pkg/agent/proxy/apiproxy.go:150.24,153.3 2 0
github.com/k3s-io/k3s/pkg/agent/proxy/apiproxy.go:154.2,155.27 2 1
github.com/k3s-io/k3s/pkg/agent/proxy/apiproxy.go:155.27,157.3 1 0
github.com/k3s-io/k3s/pkg/agent/proxy/apiproxy.go:157.8,159.3 1 1
github.com/k3s-io/k3s/pkg/agent/proxy/apiproxy.go:162.46,164.2 1 1
github.com/k3s-io/k3s/pkg/agent/proxy/apiproxy.go:166.40,168.2 1 1
github.com/k3s-io/k3s/pkg/agent/proxy/apiproxy.go:170.48,171.36 1 1
github.com/k3s-io/k3s/pkg/agent/proxy/apiproxy.go:171.36,173.3 1 1
github.com/k3s-io/k3s/pkg/agent/proxy/apiproxy.go:174.2,174.46 1 1
github.com/k3s-io/k3s/pkg/agent/proxy/apiproxy.go:177.39,179.2 1 1
github.com/k3s-io/k3s/pkg/agent/proxy/apiproxy.go:181.45,183.2 1 0
github.com/k3s-io/k3s/pkg/agent/syssetup/setup.go:18.42,19.64 1 1
github.com/k3s-io/k3s/pkg/agent/syssetup/setup.go:19.64,22.3 2 1
github.com/k3s-io/k3s/pkg/agent/syssetup/setup.go:24.2,24.73 1 0
github.com/k3s-io/k3s/pkg/agent/syssetup/setup.go:24.73,26.3 1 0
github.com/k3s-io/k3s/pkg/agent/syssetup/setup.go:31.90,37.16 6 1
github.com/k3s-io/k3s/pkg/agent/syssetup/setup.go:37.16,40.3 2 0
github.com/k3s-io/k3s/pkg/agent/syssetup/setup.go:45.2,51.16 2 1
github.com/k3s-io/k3s/pkg/agent/syssetup/setup.go:51.16,56.3 4 0
github.com/k3s-io/k3s/pkg/agent/syssetup/setup.go:58.2,58.63 1 1
github.com/k3s-io/k3s/pkg/agent/syssetup/setup.go:58.63,60.3 1 1
github.com/k3s-io/k3s/pkg/agent/syssetup/setup.go:61.2,61.47 1 1
github.com/k3s-io/k3s/pkg/agent/syssetup/setup.go:61.47,63.3 1 1
github.com/k3s-io/k3s/pkg/agent/syssetup/setup.go:64.2,64.45 1 1
github.com/k3s-io/k3s/pkg/agent/syssetup/setup.go:64.45,66.3 1 1
github.com/k3s-io/k3s/pkg/agent/syssetup/setup.go:68.2,69.36 2 1
github.com/k3s-io/k3s/pkg/agent/syssetup/setup.go:69.36,70.51 1 1
github.com/k3s-io/k3s/pkg/agent/syssetup/setup.go:70.51,72.54 2 1
github.com/k3s-io/k3s/pkg/agent/syssetup/setup.go:72.54,74.5 1 0
github.com/k3s-io/k3s/pkg/agent/syssetup/setup.go:83.83,84.56 1 1
github.com/k3s-io/k3s/pkg/agent/syssetup/setup.go:84.56,86.24 2 1
github.com/k3s-io/k3s/pkg/agent/syssetup/setup.go:86.24,88.4 1 1
github.com/k3s-io/k3s/pkg/agent/syssetup/setup.go:89.3,90.21 2 1
github.com/k3s-io/k3s/pkg/agent/syssetup/setup.go:90.21,93.4 2 0
github.com/k3s-io/k3s/pkg/agent/syssetup/setup.go:94.3,95.15 2 1
github.com/k3s-io/k3s/pkg/agent/syssetup/setup.go:97.2,97.10 1 0
github.com/k3s-io/k3s/pkg/agent/syssetup/setup.go:101.25,104.30 2 1
github.com/k3s-io/k3s/pkg/agent/syssetup/setup.go:104.30,106.3 1 0
github.com/k3s-io/k3s/pkg/agent/syssetup/setup.go:107.2,107.15 1 1
github.com/k3s-io/k3s/pkg/agent/templates/templates_linux.go:131.89,134.47 3 1
github.com/k3s-io/k3s/pkg/agent/templates/templates_linux.go:134.47,136.3 1 0
github.com/k3s-io/k3s/pkg/agent/templates/templates_linux.go:137.2,137.26 1 1
github.com/k3s-io/k3s/pkg/agent/tunnel/tunnel.go:59.40,61.2 1 1
github.com/k3s-io/k3s/pkg/agent/tunnel/tunnel.go:63.85,65.16 2 1
github.com/k3s-io/k3s/pkg/agent/tunnel/tunnel.go:65.16,67.3 1 0
github.com/k3s-io/k3s/pkg/agent/tunnel/tunnel.go:69.2,70.16 2 1
github.com/k3s-io/k3s/pkg/agent/tunnel/tunnel.go:70.16,72.3 1 0
github.com/k3s-io/k3s/pkg/agent/tunnel/tunnel.go:74.2,75.16 2 1
github.com/k3s-io/k3s/pkg/agent/tunnel/tunnel.go:75.16,77.3 1 0
github.com/k3s-io/k3s/pkg/agent/tunnel/tunnel.go:79.2,89.12 3 1
github.com/k3s-io/k3s/pkg/agent/tunnel/tunnel.go:89.12,90.130 1 1
github.com/k3s-io/k3s/pkg/agent/tunnel/tunnel.go:90.130,92.4 1 0
github.com/k3s-io/k3s/pkg/agent/tunnel/tunnel.go:93.3,97.22 1 1
github.com/k3s-io/k3s/pkg/agent/tunnel/tunnel.go:97.22,99.4 1 0
github.com/k3s-io/k3s/pkg/agent/tunnel/tunnel.go:101.3,101.24 1 1
github.com/k3s-io/k3s/pkg/agent/tunnel/tunnel.go:106.2,106.52 1 1
github.com/k3s-io/k3s/pkg/agent/tunnel/tunnel.go:106.52,110.22 2 1
github.com/k3s-io/k3s/pkg/agent/tunnel/tunnel.go:111.47,113.30 1 1
github.com/k3s-io/k3s/pkg/agent/tunnel/tunnel.go:114.43,116.52 1 0
github.com/k3s-io/k3s/pkg/agent/tunnel/tunnel.go:123.2,123.66 1 1
github.com/k3s-io/k3s/pkg/agent/tunnel/tunnel.go:123.66,129.82 2 1
github.com/k3s-io/k3s/pkg/agent/tunnel/tunnel.go:129.82,132.4 2 1
github.com/k3s-io/k3s/pkg/agent/tunnel/tunnel.go:132.9,133.134 1 0
github.com/k3s-io/k3s/pkg/agent/tunnel/tunnel.go:133.134,134.69 1 0
github.com/k3s-io/k3s/pkg/agent/tunnel/tunnel.go:134.69,136.6 1 0
github.com/k3s-io/k3s/pkg/agent/tunnel/tunnel.go:141.2,146.12 4 1
github.com/k3s-io/k3s/pkg/agent/tunnel/tunnel.go:146.12,149.3 2 1
github.com/k3s-io/k3s/pkg/agent/tunnel/tunnel.go:151.2,151.9 1 1
github.com/k3s-io/k3s/pkg/agent/tunnel/tunnel.go:152.20,154.19 2 0
github.com/k3s-io/k3s/pkg/agent/tunnel/tunnel.go:155.14,155.14 0 1
github.com/k3s-io/k3s/pkg/agent/tunnel/tunnel.go:158.2,158.12 1 1
github.com/k3s-io/k3s/pkg/agent/tunnel/tunnel.go:162.91,165.125 2 1
github.com/k3s-io/k3s/pkg/agent/tunnel/tunnel.go:165.125,169.17 4 1
github.com/k3s-io/k3s/pkg/agent/tunnel/tunnel.go:169.17,172.4 2 1
github.com/k3s-io/k3s/pkg/agent/tunnel/tunnel.go:173.3,173.47 1 1
github.com/k3s-io/k3s/pkg/agent/tunnel/tunnel.go:173.47,174.68 1 1
github.com/k3s-io/k3s/pkg/agent/tunnel/tunnel.go:174.68,176.5 1 1
github.com/k3s-io/k3s/pkg/agent/tunnel/tunnel.go:178.3,178.41 1 1
github.com/k3s-io/k3s/pkg/agent/tunnel/tunnel.go:178.41,181.4 2 0
github.com/k3s-io/k3s/pkg/agent/tunnel/tunnel.go:182.3,183.25 2 1
github.com/k3s-io/k3s/pkg/agent/tunnel/tunnel.go:183.25,186.4 2 0
github.com/k3s-io/k3s/pkg/agent/tunnel/tunnel.go:187.3,189.19 3 1
github.com/k3s-io/k3s/pkg/agent/tunnel/tunnel.go:193.62,195.48 1 1
github.com/k3s-io/k3s/pkg/agent/tunnel/tunnel.go:195.48,196.50 1 1
github.com/k3s-io/k3s/pkg/agent/tunnel/tunnel.go:196.50,199.4 2 1
github.com/k3s-io/k3s/pkg/agent/tunnel/tunnel.go:201.2,201.55 1 1
github.com/k3s-io/k3s/pkg/agent/tunnel/tunnel.go:201.55,204.3 2 1
github.com/k3s-io/k3s/pkg/agent/tunnel/tunnel.go:209.113,210.48 1 0
github.com/k3s-io/k3s/pkg/agent/tunnel/tunnel.go:210.48,211.50 1 0
github.com/k3s-io/k3s/pkg/agent/tunnel/tunnel.go:211.50,214.4 2 0
github.com/k3s-io/k3s/pkg/agent/tunnel/tunnel.go:217.2,223.79 5 0
github.com/k3s-io/k3s/pkg/agent/tunnel/tunnel.go:223.79,226.4 2 0
github.com/k3s-io/k3s/pkg/agent/tunnel/tunnel.go:227.76,230.4 2 0
github.com/k3s-io/k3s/pkg/agent/tunnel/tunnel.go:233.2,236.15 3 0
github.com/k3s-io/k3s/pkg/agent/tunnel/tunnel.go:236.15,239.3 2 0
github.com/k3s-io/k3s/pkg/agent/tunnel/tunnel.go:241.2,241.6 1 0
github.com/k3s-io/k3s/pkg/agent/tunnel/tunnel.go:241.6,242.10 1 0
github.com/k3s-io/k3s/pkg/agent/tunnel/tunnel.go:243.21,244.10 1 0
github.com/k3s-io/k3s/pkg/agent/tunnel/tunnel.go:245.39,247.11 2 0
github.com/k3s-io/k3s/pkg/agent/tunnel/tunnel.go:247.11,249.13 2 0
github.com/k3s-io/k3s/pkg/agent/tunnel/tunnel.go:251.4,251.28 1 0
github.com/k3s-io/k3s/pkg/agent/tunnel/tunnel.go:251.28,252.51 1 0
github.com/k3s-io/k3s/pkg/agent/tunnel/tunnel.go:252.51,253.43 1 0
github.com/k3s-io/k3s/pkg/agent/tunnel/tunnel.go:253.43,254.42 1 0
github.com/k3s-io/k3s/pkg/agent/tunnel/tunnel.go:254.42,256.40 2 0
github.com/k3s-io/k3s/pkg/agent/tunnel/tunnel.go:256.40,259.9 2 0
github.com/k3s-io/k3s/pkg/agent/tunnel/tunnel.go:259.14,262.9 2 0
github.com/k3s-io/k3s/pkg/agent/tunnel/tunnel.go:266.10,267.42 1 0
github.com/k3s-io/k3s/pkg/agent/tunnel/tunnel.go:267.42,268.62 1 0
github.com/k3s-io/k3s/pkg/agent/tunnel/tunnel.go:268.62,269.39 1 0
github.com/k3s-io/k3s/pkg/agent/tunnel/tunnel.go:269.39,272.8 2 0
github.com/k3s-io/k3s/pkg/agent/tunnel/tunnel.go:272.13,275.8 2 0
github.com/k3s-io/k3s/pkg/agent/tunnel/tunnel.go:286.153,290.54 2 1
github.com/k3s-io/k3s/pkg/agent/tunnel/tunnel.go:290.54,291.40 1 1
github.com/k3s-io/k3s/pkg/agent/tunnel/tunnel.go:291.40,293.4 1 1
github.com/k3s-io/k3s/pkg/agent/tunnel/tunnel.go:296.2,300.79 4 1
github.com/k3s-io/k3s/pkg/agent/tunnel/tunnel.go:300.79,303.4 2 1
github.com/k3s-io/k3s/pkg/agent/tunnel/tunnel.go:304.76,307.4 2 1
github.com/k3s-io/k3s/pkg/agent/tunnel/tunnel.go:310.2,312.15 2 1
github.com/k3s-io/k3s/pkg/agent/tunnel/tunnel.go:312.15,315.3 2 1
github.com/k3s-io/k3s/pkg/agent/tunnel/tunnel.go:317.2,319.6 2 1
github.com/k3s-io/k3s/pkg/agent/tunnel/tunnel.go:319.6,320.10 1 1
github.com/k3s-io/k3s/pkg/agent/tunnel/tunnel.go:321.21,322.27 1 1
github.com/k3s-io/k3s/pkg/agent/tunnel/tunnel.go:322.27,324.5 1 1
github.com/k3s-io/k3s/pkg/agent/tunnel/tunnel.go:325.4,325.10 1 1
github.com/k3s-io/k3s/pkg/agent/tunnel/tunnel.go:326.39,328.11 2 1
github.com/k3s-io/k3s/pkg/agent/tunnel/tunnel.go:328.11,330.13 2 0
github.com/k3s-io/k3s/pkg/agent/tunnel/tunnel.go:333.4,333.27 1 1
github.com/k3s-io/k3s/pkg/agent/tunnel/tunnel.go:333.27,335.5 1 0
github.com/k3s-io/k3s/pkg/agent/tunnel/tunnel.go:337.4,346.14 3 1
github.com/k3s-io/k3s/pkg/agent/tunnel/tunnel.go:346.14,347.12 1 1
github.com/k3s-io/k3s/pkg/agent/tunnel/tunnel.go:348.46,348.46 0 1
github.com/k3s-io/k3s/pkg/agent/tunnel/tunnel.go:349.31,350.12 1 0
github.com/k3s-io/k3s/pkg/agent/tunnel/tunnel.go:353.5,354.69 2 1
github.com/k3s-io/k3s/pkg/agent/tunnel/tunnel.go:354.69,356.6 1 1
github.com/k3s-io/k3s/pkg/agent/tunnel/tunnel.go:357.5,361.57 3 1
github.com/k3s-io/k3s/pkg/agent/tunnel/tunnel.go:361.57,363.43 2 1
github.com/k3s-io/k3s/pkg/agent/tunnel/tunnel.go:363.43,365.7 1 1
github.com/k3s-io/k3s/pkg/agent/tunnel/tunnel.go:368.5,368.45 1 1
github.com/k3s-io/k3s/pkg/agent/tunnel/tunnel.go:368.45,369.33 1 1
github.com/k3s-io/k3s/pkg/agent/tunnel/tunnel.go:369.33,373.7 3 1
github.com/k3s-io/k3s/pkg/agent/tunnel/tunnel.go:384.83,387.16 3 1
github.com/k3s-io/k3s/pkg/agent/tunnel/tunnel.go:387.16,388.41 1 1
github.com/k3s-io/k3s/pkg/agent/tunnel/tunnel.go:388.41,390.4 1 1
github.com/k3s-io/k3s/pkg/agent/tunnel/tunnel.go:391.3,391.41 1 1
github.com/k3s-io/k3s/pkg/agent/tunnel/tunnel.go:391.41,392.80 1 1
github.com/k3s-io/k3s/pkg/agent/tunnel/tunnel.go:392.80,393.41 1 1
github.com/k3s-io/k3s/pkg/agent/tunnel/tunnel.go:393.41,394.19 1 1
github.com/k3s-io/k3s/pkg/agent/tunnel/tunnel.go:394.19,396.7 1 0
github.com/k3s-io/k3s/pkg/agent/tunnel/tunnel.go:397.6,397.17 1 1
github.com/k3s-io/k3s/pkg/agent/tunnel/tunnel.go:399.5,399.92 1 0
github.com/k3s-io/k3s/pkg/agent/tunnel/tunnel.go:403.2,403.14 1 0
github.com/k3s-io/k3s/pkg/agent/tunnel/tunnel.go:408.141,415.22 4 1
github.com/k3s-io/k3s/pkg/agent/tunnel/tunnel.go:415.22,417.3 1 1
github.com/k3s-io/k3s/pkg/agent/tunnel/tunnel.go:419.2,421.12 2 1
github.com/k3s-io/k3s/pkg/agent/tunnel/tunnel.go:421.12,422.7 1 1
github.com/k3s-io/k3s/pkg/agent/tunnel/tunnel.go:422.7,423.85 1 1
github.com/k3s-io/k3s/pkg/agent/tunnel/tunnel.go:423.85,425.5 1 1
github.com/k3s-io/k3s/pkg/agent/tunnel/tunnel.go:425.62,426.25 1 1
github.com/k3s-io/k3s/pkg/agent/tunnel/tunnel.go:426.25,428.6 1 1
github.com/k3s-io/k3s/pkg/agent/tunnel/tunnel.go:429.5,429.15 1 1
github.com/k3s-io/k3s/pkg/agent/tunnel/tunnel.go:432.4,432.24 1 1
github.com/k3s-io/k3s/pkg/agent/tunnel/tunnel.go:432.24,433.25 1 1
github.com/k3s-io/k3s/pkg/agent/tunnel/tunnel.go:433.25,435.6 1 1
github.com/k3s-io/k3s/pkg/agent/tunnel/tunnel.go:436.5,436.11 1 1
github.com/k3s-io/k3s/pkg/agent/tunnel/tunnel.go:441.2,441.15 1 1
github.com/k3s-io/k3s/pkg/agent/tunnel/tunnel.go:445.68,447.2 1 1
github.com/k3s-io/k3s/pkg/agent/util/file.go:10.51,13.16 3 1
github.com/k3s-io/k3s/pkg/agent/util/file.go:13.16,15.3 1 0
github.com/k3s-io/k3s/pkg/agent/util/file.go:16.2,16.12 1 1
github.com/k3s-io/k3s/pkg/agent/util/file.go:19.64,22.16 3 0
github.com/k3s-io/k3s/pkg/agent/util/file.go:22.16,24.3 1 0
github.com/k3s-io/k3s/pkg/agent/util/file.go:25.2,26.16 2 0
github.com/k3s-io/k3s/pkg/agent/util/file.go:26.16,28.3 1 0
github.com/k3s-io/k3s/pkg/agent/util/file.go:29.2,29.12 1 0
github.com/k3s-io/k3s/pkg/agent/util/strings.go:6.52,8.34 2 1
github.com/k3s-io/k3s/pkg/agent/util/strings.go:8.34,9.52 1 1
github.com/k3s-io/k3s/pkg/agent/util/strings.go:9.52,11.4 1 1
github.com/k3s-io/k3s/pkg/agent/util/strings.go:13.2,13.14 1 1
github.com/k3s-io/k3s/pkg/apis/k3s.cattle.io/v1/zz_generated_deepcopy.go:29.43,35.2 5 0
github.com/k3s-io/k3s/pkg/apis/k3s.cattle.io/v1/zz_generated_deepcopy.go:38.36,39.15 1 0
github.com/k3s-io/k3s/pkg/apis/k3s.cattle.io/v1/zz_generated_deepcopy.go:39.15,41.3 1 0
github.com/k3s-io/k3s/pkg/apis/k3s.cattle.io/v1/zz_generated_deepcopy.go:42.2,44.12 3 0
github.com/k3s-io/k3s/pkg/apis/k3s.cattle.io/v1/zz_generated_deepcopy.go:48.50,49.34 1 0
github.com/k3s-io/k3s/pkg/apis/k3s.cattle.io/v1/zz_generated_deepcopy.go:49.34,51.3 1 0
github.com/k3s-io/k3s/pkg/apis/k3s.cattle.io/v1/zz_generated_deepcopy.go:52.2,52.12 1 0
github.com/k3s-io/k3s/pkg/apis/k3s.cattle.io/v1/zz_generated_deepcopy.go:56.51,60.21 4 1
github.com/k3s-io/k3s/pkg/apis/k3s.cattle.io/v1/zz_generated_deepcopy.go:60.21,63.22 3 0
github.com/k3s-io/k3s/pkg/apis/k3s.cattle.io/v1/zz_generated_deepcopy.go:63.22,65.4 1 0
github.com/k3s-io/k3s/pkg/apis/k3s.cattle.io/v1/zz_generated_deepcopy.go:67.2,67.8 1 1
github.com/k3s-io/k3s/pkg/apis/k3s.cattle.io/v1/zz_generated_deepcopy.go:71.44,72.15 1 1
github.com/k3s-io/k3s/pkg/apis/k3s.cattle.io/v1/zz_generated_deepcopy.go:72.15,74.3 1 0
github.com/k3s-io/k3s/pkg/apis/k3s.cattle.io/v1/zz_generated_deepcopy.go:75.2,77.12 3 1
github.com/k3s-io/k3s/pkg/apis/k3s.cattle.io/v1/zz_generated_deepcopy.go:81.54,82.34 1 1
github.com/k3s-io/k3s/pkg/apis/k3s.cattle.io/v1/zz_generated_deepcopy.go:82.34,84.3 1 1
github.com/k3s-io/k3s/pkg/apis/k3s.cattle.io/v1/zz_generated_deepcopy.go:85.2,85.12 1 0
github.com/k3s-io/k3s/pkg/apis/k3s.cattle.io/v1/zz_generated_deepcopy.go:89.51,92.2 2 0
github.com/k3s-io/k3s/pkg/apis/k3s.cattle.io/v1/zz_generated_deepcopy.go:95.44,96.15 1 0
github.com/k3s-io/k3s/pkg/apis/k3s.cattle.io/v1/zz_generated_deepcopy.go:96.15,98.3 1 0
github.com/k3s-io/k3s/pkg/apis/k3s.cattle.io/v1/zz_generated_deepcopy.go:99.2,101.12 3 0
github.com/k3s-io/k3s/pkg/apis/k3s.cattle.io/v1/zz_generated_list_types.go:37.57,42.2 4 1
github.com/k3s-io/k3s/pkg/apis/k3s.cattle.io/v1/zz_generated_register.go:38.41,40.2 1 0
github.com/k3s-io/k3s/pkg/apis/k3s.cattle.io/v1/zz_generated_register.go:43.53,45.2 1 0
github.com/k3s-io/k3s/pkg/apis/k3s.cattle.io/v1/zz_generated_register.go:53.50,60.2 3 1
github.com/k3s-io/k3s/pkg/authenticator/authenticator.go:15.61,18.21 3 1
github.com/k3s-io/k3s/pkg/authenticator/authenticator.go:18.21,20.17 2 1
github.com/k3s-io/k3s/pkg/authenticator/authenticator.go:20.17,22.4 1 0
github.com/k3s-io/k3s/pkg/authenticator/authenticator.go:23.3,23.77 1 1
github.com/k3s-io/k3s/pkg/authenticator/authenticator.go:26.2,27.20 2 1
github.com/k3s-io/k3s/pkg/authenticator/authenticator.go:27.20,29.17 2 1
github.com/k3s-io/k3s/pkg/authenticator/authenticator.go:29.17,31.4 1 0
github.com/k3s-io/k3s/pkg/authenticator/authenticator.go:32.3,32.108 1 1
github.com/k3s-io/k3s/pkg/authenticator/authenticator.go:35.2,35.40 1 1
github.com/k3s-io/k3s/pkg/authenticator/authenticator.go:38.47,39.27 1 1
github.com/k3s-io/k3s/pkg/authenticator/authenticator.go:39.27,40.35 1 1
github.com/k3s-io/k3s/pkg/authenticator/authenticator.go:40.35,41.12 1 1
github.com/k3s-io/k3s/pkg/authenticator/authenticator.go:43.3,43.40 1 1
github.com/k3s-io/k3s/pkg/authenticator/authenticator.go:45.2,45.11 1 0
github.com/k3s-io/k3s/pkg/authenticator/authenticator.go:48.68,50.29 2 1
github.com/k3s-io/k3s/pkg/authenticator/authenticator.go:50.29,51.18 1 1
github.com/k3s-io/k3s/pkg/authenticator/authenticator.go:51.18,53.4 1 1
github.com/k3s-io/k3s/pkg/authenticator/authenticator.go:55.2,55.71 1 1
github.com/k3s-io/k3s/pkg/authenticator/basicauth/basicauth.go:32.40,34.2 1 1
github.com/k3s-io/k3s/pkg/authenticator/basicauth/basicauth.go:39.103,41.12 2 1
github.com/k3s-io/k3s/pkg/authenticator/basicauth/basicauth.go:41.12,43.3 1 1
github.com/k3s-io/k3s/pkg/authenticator/basicauth/basicauth.go:45.2,48.23 2 1
github.com/k3s-io/k3s/pkg/authenticator/basicauth/basicauth.go:48.23,50.3 1 0
github.com/k3s-io/k3s/pkg/authenticator/basicauth/basicauth.go:52.2,52.22 1 1
github.com/k3s-io/k3s/pkg/authenticator/hash/scrypt.go:27.25,35.2 1 1
github.com/k3s-io/k3s/pkg/authenticator/hash/scrypt.go:38.62,42.16 3 1
github.com/k3s-io/k3s/pkg/authenticator/hash/scrypt.go:42.16,44.3 1 0
github.com/k3s-io/k3s/pkg/authenticator/hash/scrypt.go:46.2,47.16 2 1
github.com/k3s-io/k3s/pkg/authenticator/hash/scrypt.go:47.16,49.3 1 0
github.com/k3s-io/k3s/pkg/authenticator/hash/scrypt.go:51.2,54.18 3 1
github.com/k3s-io/k3s/pkg/authenticator/hash/scrypt.go:58.58,66.16 3 1
github.com/k3s-io/k3s/pkg/authenticator/hash/scrypt.go:66.16,68.3 1 0
github.com/k3s-io/k3s/pkg/authenticator/hash/scrypt.go:69.2,69.24 1 1
github.com/k3s-io/k3s/pkg/authenticator/hash/scrypt.go:69.24,71.3 1 0
github.com/k3s-io/k3s/pkg/authenticator/hash/scrypt.go:73.2,74.16 2 1
github.com/k3s-io/k3s/pkg/authenticator/hash/scrypt.go:74.16,76.3 1 0
github.com/k3s-io/k3s/pkg/authenticator/hash/scrypt.go:78.2,79.16 2 1
github.com/k3s-io/k3s/pkg/authenticator/hash/scrypt.go:79.16,81.3 1 0
github.com/k3s-io/k3s/pkg/authenticator/hash/scrypt.go:83.2,83.49 1 1
github.com/k3s-io/k3s/pkg/authenticator/hash/scrypt.go:83.49,85.3 1 0
github.com/k3s-io/k3s/pkg/authenticator/hash/scrypt.go:87.2,87.12 1 1
github.com/k3s-io/k3s/pkg/authenticator/passwordfile/passwordfile.go:46.58,48.16 2 1
github.com/k3s-io/k3s/pkg/authenticator/passwordfile/passwordfile.go:48.16,50.3 1 0
github.com/k3s-io/k3s/pkg/authenticator/passwordfile/passwordfile.go:51.2,57.6 6 1
github.com/k3s-io/k3s/pkg/authenticator/passwordfile/passwordfile.go:57.6,59.20 2 1
github.com/k3s-io/k3s/pkg/authenticator/passwordfile/passwordfile.go:59.20,60.9 1 1
github.com/k3s-io/k3s/pkg/authenticator/passwordfile/passwordfile.go:62.3,62.17 1 1
github.com/k3s-io/k3s/pkg/authenticator/passwordfile/passwordfile.go:62.17,64.4 1 0
github.com/k3s-io/k3s/pkg/authenticator/passwordfile/passwordfile.go:65.3,65.22 1 1
github.com/k3s-io/k3s/pkg/authenticator/passwordfile/passwordfile.go:65.22,67.4 1 0
github.com/k3s-io/k3s/pkg/authenticator/passwordfile/passwordfile.go:68.3,72.23 2 1
github.com/k3s-io/k3s/pkg/authenticator/passwordfile/passwordfile.go:72.23,74.4 1 1
github.com/k3s-io/k3s/pkg/authenticator/passwordfile/passwordfile.go:75.3,76.46 2 1
github.com/k3s-io/k3s/pkg/authenticator/passwordfile/passwordfile.go:76.46,78.4 1 0
github.com/k3s-io/k3s/pkg/authenticator/passwordfile/passwordfile.go:79.3,79.29 1 1
github.com/k3s-io/k3s/pkg/authenticator/passwordfile/passwordfile.go:82.2,82.43 1 1
github.com/k3s-io/k3s/pkg/authenticator/passwordfile/passwordfile.go:86.141,88.9 2 1
github.com/k3s-io/k3s/pkg/authenticator/passwordfile/passwordfile.go:88.9,90.3 1 0
github.com/k3s-io/k3s/pkg/authenticator/passwordfile/passwordfile.go:91.2,91.78 1 1
github.com/k3s-io/k3s/pkg/authenticator/passwordfile/passwordfile.go:91.78,93.3 1 0
github.com/k3s-io/k3s/pkg/authenticator/passwordfile/passwordfile.go:94.2,94.60 1 1
github.com/k3s-io/k3s/pkg/bootstrap/bootstrap.go:16.70,17.74 1 0
github.com/k3s-io/k3s/pkg/bootstrap/bootstrap.go:17.74,20.3 2 0
github.com/k3s-io/k3s/pkg/bootstrap/bootstrap.go:25.81,27.16 2 1
github.com/k3s-io/k3s/pkg/bootstrap/bootstrap.go:27.16,29.3 1 0
github.com/k3s-io/k3s/pkg/bootstrap/bootstrap.go:31.2,32.35 2 1
github.com/k3s-io/k3s/pkg/bootstrap/bootstrap.go:32.35,33.17 1 1
github.com/k3s-io/k3s/pkg/bootstrap/bootstrap.go:33.17,34.12 1 1
github.com/k3s-io/k3s/pkg/bootstrap/bootstrap.go:36.3,37.17 2 1
github.com/k3s-io/k3s/pkg/bootstrap/bootstrap.go:37.17,39.12 2 0
github.com/k3s-io/k3s/pkg/bootstrap/bootstrap.go:42.3,43.17 2 1
github.com/k3s-io/k3s/pkg/bootstrap/bootstrap.go:43.17,45.4 1 0
github.com/k3s-io/k3s/pkg/bootstrap/bootstrap.go:47.3,50.4 1 1
github.com/k3s-io/k3s/pkg/bootstrap/bootstrap.go:53.2,53.43 1 1
github.com/k3s-io/k3s/pkg/bootstrap/bootstrap.go:69.101,71.16 2 0
github.com/k3s-io/k3s/pkg/bootstrap/bootstrap.go:71.16,73.3 1 0
github.com/k3s-io/k3s/pkg/bootstrap/bootstrap.go:75.2,75.34 1 0
github.com/k3s-io/k3s/pkg/bootstrap/bootstrap.go:75.34,77.24 2 0
github.com/k3s-io/k3s/pkg/bootstrap/bootstrap.go:77.24,78.12 1 0
github.com/k3s-io/k3s/pkg/bootstrap/bootstrap.go:81.3,81.63 1 0
github.com/k3s-io/k3s/pkg/bootstrap/bootstrap.go:81.63,83.4 1 0
github.com/k3s-io/k3s/pkg/bootstrap/bootstrap.go:84.3,84.63 1 0
github.com/k3s-io/k3s/pkg/bootstrap/bootstrap.go:84.63,86.4 1 0
github.com/k3s-io/k3s/pkg/bootstrap/bootstrap.go:87.3,87.72 1 0
github.com/k3s-io/k3s/pkg/bootstrap/bootstrap.go:87.72,89.4 1 0
github.com/k3s-io/k3s/pkg/bootstrap/bootstrap.go:92.2,92.12 1 0
github.com/k3s-io/k3s/pkg/bootstrap/bootstrap.go:95.59,97.16 2 1
github.com/k3s-io/k3s/pkg/bootstrap/bootstrap.go:97.16,99.3 1 0
github.com/k3s-io/k3s/pkg/bootstrap/bootstrap.go:100.2,101.43 2 1
github.com/k3s-io/k3s/pkg/cgroups/cgroups_linux.go:20.23,21.39 1 1
github.com/k3s-io/k3s/pkg/cgroups/cgroups_linux.go:21.39,23.3 1 0
github.com/k3s-io/k3s/pkg/cgroups/cgroups_linux.go:24.2,24.28 1 1
github.com/k3s-io/k3s/pkg/cgroups/cgroups_linux.go:27.32,29.16 2 1
github.com/k3s-io/k3s/pkg/cgroups/cgroups_linux.go:29.16,31.3 1 0
github.com/k3s-io/k3s/pkg/cgroups/cgroups_linux.go:33.2,33.50 1 1
github.com/k3s-io/k3s/pkg/cgroups/cgroups_linux.go:33.50,35.3 1 0
github.com/k3s-io/k3s/pkg/cgroups/cgroups_linux.go:37.2,37.50 1 1
github.com/k3s-io/k3s/pkg/cgroups/cgroups_linux.go:37.50,41.3 3 0
github.com/k3s-io/k3s/pkg/cgroups/cgroups_linux.go:43.2,43.12 1 1
github.com/k3s-io/k3s/pkg/cgroups/cgroups_linux.go:46.32,48.16 2 0
github.com/k3s-io/k3s/pkg/cgroups/cgroups_linux.go:48.16,50.3 1 0
github.com/k3s-io/k3s/pkg/cgroups/cgroups_linux.go:51.2,52.16 2 0
github.com/k3s-io/k3s/pkg/cgroups/cgroups_linux.go:52.16,54.3 1 0
github.com/k3s-io/k3s/pkg/cgroups/cgroups_linux.go:55.2,56.41 2 0
github.com/k3s-io/k3s/pkg/cgroups/cgroups_linux.go:56.41,58.3 1 0
github.com/k3s-io/k3s/pkg/cgroups/cgroups_linux.go:59.2,59.65 1 0
github.com/k3s-io/k3s/pkg/cgroups/cgroups_linux.go:59.65,60.34 1 0
[...]
github.com/k3s-io/k3s/pkg/server/server.go:455.16,457.3 1 0
github.com/k3s-io/k3s/pkg/server/server.go:459.2,461.51 2 1
github.com/k3s-io/k3s/pkg/server/server.go:461.51,463.3 1 0
github.com/k3s-io/k3s/pkg/server/server.go:465.2,465.42 1 1
github.com/k3s-io/k3s/pkg/server/server.go:465.42,467.3 1 0
github.com/k3s-io/k3s/pkg/server/server.go:469.2,469.12 1 1
github.com/k3s-io/k3s/pkg/server/server.go:472.74,474.2 1 1
github.com/k3s-io/k3s/pkg/server/server.go:476.50,477.21 1 1
github.com/k3s-io/k3s/pkg/server/server.go:477.21,479.3 1 0
github.com/k3s-io/k3s/pkg/server/server.go:481.2,482.16 2 1
github.com/k3s-io/k3s/pkg/server/server.go:482.16,484.3 1 0
github.com/k3s-io/k3s/pkg/server/server.go:485.2,485.53 1 1
github.com/k3s-io/k3s/pkg/server/server.go:488.50,489.32 1 1
github.com/k3s-io/k3s/pkg/server/server.go:489.32,491.3 1 0
github.com/k3s-io/k3s/pkg/server/server.go:492.2,502.58 6 1
github.com/k3s-io/k3s/pkg/server/server.go:505.69,506.76 1 0
github.com/k3s-io/k3s/pkg/server/server.go:506.76,508.3 1 0
github.com/k3s-io/k3s/pkg/server/server.go:509.2,509.75 1 0
github.com/k3s-io/k3s/pkg/server/server.go:509.75,511.3 1 0
github.com/k3s-io/k3s/pkg/server/server.go:512.2,512.66 1 0
github.com/k3s-io/k3s/pkg/server/server.go:512.66,514.3 1 0
github.com/k3s-io/k3s/pkg/server/server.go:515.2,515.12 1 0
github.com/k3s-io/k3s/pkg/server/server.go:518.36,519.93 1 1
github.com/k3s-io/k3s/pkg/server/server.go:519.93,521.3 1 1
github.com/k3s-io/k3s/pkg/server/server.go:522.2,522.14 1 1
github.com/k3s-io/k3s/pkg/server/server.go:525.98,526.66 1 1
github.com/k3s-io/k3s/pkg/server/server.go:526.66,528.3 1 1
github.com/k3s-io/k3s/pkg/server/server.go:529.2,529.6 1 1
github.com/k3s-io/k3s/pkg/server/server.go:529.6,531.21 2 1
github.com/k3s-io/k3s/pkg/server/server.go:531.21,534.12 3 0
github.com/k3s-io/k3s/pkg/server/server.go:536.3,537.17 2 1
github.com/k3s-io/k3s/pkg/server/server.go:537.17,540.12 3 0
github.com/k3s-io/k3s/pkg/server/server.go:542.3,542.25 1 1
github.com/k3s-io/k3s/pkg/server/server.go:542.25,544.4 1 0
github.com/k3s-io/k3s/pkg/server/server.go:545.3,546.25 2 1
github.com/k3s-io/k3s/pkg/server/server.go:546.25,549.4 2 1
github.com/k3s-io/k3s/pkg/server/server.go:551.3,551.42 1 1
github.com/k3s-io/k3s/pkg/server/server.go:551.42,552.110 1 0
github.com/k3s-io/k3s/pkg/server/server.go:552.110,554.10 2 0
github.com/k3s-io/k3s/pkg/server/server.go:558.3,559.17 2 1
github.com/k3s-io/k3s/pkg/server/server.go:559.17,561.9 2 1
github.com/k3s-io/k3s/pkg/server/server.go:563.3,563.10 1 1
github.com/k3s-io/k3s/pkg/server/server.go:564.21,565.20 1 0
github.com/k3s-io/k3s/pkg/server/server.go:566.34,566.34 0 1
github.com/k3s-io/k3s/pkg/server/server.go:569.2,569.12 1 1
github.com/k3s-io/k3s/pkg/server/server.go:572.99,573.43 1 1
github.com/k3s-io/k3s/pkg/server/server.go:573.43,575.3 1 0
github.com/k3s-io/k3s/pkg/server/server.go:577.2,578.16 2 1
github.com/k3s-io/k3s/pkg/server/server.go:578.16,581.3 2 0
github.com/k3s-io/k3s/pkg/server/server.go:582.2,598.6 4 1
github.com/k3s-io/k3s/pkg/server/server.go:598.6,600.17 2 1
github.com/k3s-io/k3s/pkg/server/server.go:600.17,602.9 2 1
github.com/k3s-io/k3s/pkg/server/server.go:604.3,606.10 2 0
github.com/k3s-io/k3s/pkg/server/server.go:607.21,608.20 1 0
github.com/k3s-io/k3s/pkg/server/server.go:609.34,609.34 0 0
github.com/k3s-io/k3s/pkg/server/server.go:612.2,612.12 1 1
github.com/k3s-io/k3s/pkg/static/stage.go:13.34,14.36 1 1
github.com/k3s-io/k3s/pkg/static/stage.go:14.36,16.17 2 1
github.com/k3s-io/k3s/pkg/static/stage.go:16.17,18.4 1 0
github.com/k3s-io/k3s/pkg/static/stage.go:19.3,22.56 4 1
github.com/k3s-io/k3s/pkg/static/stage.go:22.56,24.4 1 0
github.com/k3s-io/k3s/pkg/static/stage.go:27.2,27.12 1 1
github.com/k3s-io/k3s/pkg/static/zz_generated_bindata.go:22.60,24.16 2 1
github.com/k3s-io/k3s/pkg/static/zz_generated_bindata.go:24.16,26.3 1 0
github.com/k3s-io/k3s/pkg/static/zz_generated_bindata.go:28.2,32.16 4 1
github.com/k3s-io/k3s/pkg/static/zz_generated_bindata.go:32.16,34.3 1 0
github.com/k3s-io/k3s/pkg/static/zz_generated_bindata.go:35.2,35.18 1 1
github.com/k3s-io/k3s/pkg/static/zz_generated_bindata.go:35.18,37.3 1 0
github.com/k3s-io/k3s/pkg/static/zz_generated_bindata.go:39.2,39.25 1 1
github.com/k3s-io/k3s/pkg/static/zz_generated_bindata.go:55.41,57.2 1 0
github.com/k3s-io/k3s/pkg/static/zz_generated_bindata.go:60.40,62.2 1 0
github.com/k3s-io/k3s/pkg/static/zz_generated_bindata.go:65.46,67.2 1 0
github.com/k3s-io/k3s/pkg/static/zz_generated_bindata.go:70.47,72.2 1 0
github.com/k3s-io/k3s/pkg/static/zz_generated_bindata.go:75.40,77.2 1 0
github.com/k3s-io/k3s/pkg/static/zz_generated_bindata.go:80.45,82.2 1 0
github.com/k3s-io/k3s/pkg/static/zz_generated_bindata.go:86.56,91.2 1 1
github.com/k3s-io/k3s/pkg/static/zz_generated_bindata.go:93.51,95.16 2 1
github.com/k3s-io/k3s/pkg/static/zz_generated_bindata.go:95.16,97.3 1 0
github.com/k3s-io/k3s/pkg/static/zz_generated_bindata.go:99.2,101.15 3 1
github.com/k3s-io/k3s/pkg/static/zz_generated_bindata.go:106.59,111.2 1 1
github.com/k3s-io/k3s/pkg/static/zz_generated_bindata.go:113.54,115.16 2 1
github.com/k3s-io/k3s/pkg/static/zz_generated_bindata.go:115.16,117.3 1 0
github.com/k3s-io/k3s/pkg/static/zz_generated_bindata.go:119.2,121.15 3 1
github.com/k3s-io/k3s/pkg/static/zz_generated_bindata.go:127.41,129.43 2 1
github.com/k3s-io/k3s/pkg/static/zz_generated_bindata.go:129.43,131.17 2 1
github.com/k3s-io/k3s/pkg/static/zz_generated_bindata.go:131.17,133.4 1 0
github.com/k3s-io/k3s/pkg/static/zz_generated_bindata.go:134.3,134.22 1 1
github.com/k3s-io/k3s/pkg/static/zz_generated_bindata.go:136.2,136.52 1 0
github.com/k3s-io/k3s/pkg/static/zz_generated_bindata.go:141.36,143.16 2 0
github.com/k3s-io/k3s/pkg/static/zz_generated_bindata.go:143.16,144.54 1 0
github.com/k3s-io/k3s/pkg/static/zz_generated_bindata.go:147.2,147.10 1 0
github.com/k3s-io/k3s/pkg/static/zz_generated_bindata.go:153.50,155.43 2 0
github.com/k3s-io/k3s/pkg/static/zz_generated_bindata.go:155.43,157.17 2 0
github.com/k3s-io/k3s/pkg/static/zz_generated_bindata.go:157.17,159.4 1 0
github.com/k3s-io/k3s/pkg/static/zz_generated_bindata.go:160.3,160.21 1 0
github.com/k3s-io/k3s/pkg/static/zz_generated_bindata.go:162.2,162.56 1 0
github.com/k3s-io/k3s/pkg/static/zz_generated_bindata.go:166.28,168.29 2 1
github.com/k3s-io/k3s/pkg/static/zz_generated_bindata.go:168.29,170.3 1 1
github.com/k3s-io/k3s/pkg/static/zz_generated_bindata.go:171.2,171.14 1 1
github.com/k3s-io/k3s/pkg/static/zz_generated_bindata.go:195.46,197.20 2 0
github.com/k3s-io/k3s/pkg/static/zz_generated_bindata.go:197.20,200.30 3 0
github.com/k3s-io/k3s/pkg/static/zz_generated_bindata.go:200.30,202.19 2 0
github.com/k3s-io/k3s/pkg/static/zz_generated_bindata.go:202.19,204.5 1 0
github.com/k3s-io/k3s/pkg/static/zz_generated_bindata.go:207.2,207.22 1 0
github.com/k3s-io/k3s/pkg/static/zz_generated_bindata.go:207.22,209.3 1 0
github.com/k3s-io/k3s/pkg/static/zz_generated_bindata.go:210.2,211.39 2 0
github.com/k3s-io/k3s/pkg/static/zz_generated_bindata.go:211.39,213.3 1 0
github.com/k3s-io/k3s/pkg/static/zz_generated_bindata.go:214.2,214.16 1 0
github.com/k3s-io/k3s/pkg/static/zz_generated_bindata.go:230.43,232.16 2 0
github.com/k3s-io/k3s/pkg/static/zz_generated_bindata.go:232.16,234.3 1 0
github.com/k3s-io/k3s/pkg/static/zz_generated_bindata.go:235.2,236.16 2 0
github.com/k3s-io/k3s/pkg/static/zz_generated_bindata.go:236.16,238.3 1 0
github.com/k3s-io/k3s/pkg/static/zz_generated_bindata.go:239.2,240.16 2 0
github.com/k3s-io/k3s/pkg/static/zz_generated_bindata.go:240.16,242.3 1 0
github.com/k3s-io/k3s/pkg/static/zz_generated_bindata.go:243.2,244.16 2 0
github.com/k3s-io/k3s/pkg/static/zz_generated_bindata.go:244.16,246.3 1 0
github.com/k3s-io/k3s/pkg/static/zz_generated_bindata.go:247.2,248.16 2 0
github.com/k3s-io/k3s/pkg/static/zz_generated_bindata.go:248.16,250.3 1 0
github.com/k3s-io/k3s/pkg/static/zz_generated_bindata.go:251.2,251.12 1 0
github.com/k3s-io/k3s/pkg/static/zz_generated_bindata.go:255.44,258.16 2 0
github.com/k3s-io/k3s/pkg/static/zz_generated_bindata.go:258.16,260.3 1 0
github.com/k3s-io/k3s/pkg/static/zz_generated_bindata.go:262.2,262.33 1 0
github.com/k3s-io/k3s/pkg/static/zz_generated_bindata.go:262.33,264.17 2 0
github.com/k3s-io/k3s/pkg/static/zz_generated_bindata.go:264.17,266.4 1 0
github.com/k3s-io/k3s/pkg/static/zz_generated_bindata.go:268.2,268.12 1 0
github.com/k3s-io/k3s/pkg/static/zz_generated_bindata.go:271.41,274.2 2 0
github.com/k3s-io/k3s/pkg/token/read.go:13.39,16.16 3 1
github.com/k3s-io/k3s/pkg/token/read.go:16.16,18.3 1 0
github.com/k3s-io/k3s/pkg/token/read.go:19.2,19.39 1 1
github.com/k3s-io/k3s/pkg/token/read.go:22.44,23.16 1 0
github.com/k3s-io/k3s/pkg/token/read.go:23.16,25.3 1 0
github.com/k3s-io/k3s/pkg/token/read.go:27.2,27.6 1 0
github.com/k3s-io/k3s/pkg/token/read.go:27.6,29.17 2 0
github.com/k3s-io/k3s/pkg/token/read.go:29.17,31.4 1 0
github.com/k3s-io/k3s/pkg/token/read.go:31.9,31.32 1 0
github.com/k3s-io/k3s/pkg/token/read.go:31.32,34.4 2 0
github.com/k3s-io/k3s/pkg/token/read.go:34.9,36.4 1 0
github.com/k3s-io/k3s/pkg/util/api.go:36.52,38.21 2 1
github.com/k3s-io/k3s/pkg/util/api.go:38.21,40.3 1 0
github.com/k3s-io/k3s/pkg/util/api.go:41.2,41.42 1 1
github.com/k3s-io/k3s/pkg/util/api.go:41.42,43.28 2 1
github.com/k3s-io/k3s/pkg/util/api.go:43.28,45.4 1 1
github.com/k3s-io/k3s/pkg/util/api.go:46.3,46.17 1 1
github.com/k3s-io/k3s/pkg/util/api.go:46.17,48.4 1 0
github.com/k3s-io/k3s/pkg/util/api.go:49.3,49.44 1 1
github.com/k3s-io/k3s/pkg/util/api.go:49.44,51.4 1 1
github.com/k3s-io/k3s/pkg/util/api.go:53.2,53.24 1 1
github.com/k3s-io/k3s/pkg/util/api.go:59.101,62.16 3 1
github.com/k3s-io/k3s/pkg/util/api.go:62.16,64.3 1 0
github.com/k3s-io/k3s/pkg/util/api.go:69.2,69.63 1 1
github.com/k3s-io/k3s/pkg/util/api.go:69.63,70.72 1 1
github.com/k3s-io/k3s/pkg/util/api.go:70.72,73.4 2 1
github.com/k3s-io/k3s/pkg/util/api.go:76.2,79.16 4 1
github.com/k3s-io/k3s/pkg/util/api.go:79.16,81.3 1 0
github.com/k3s-io/k3s/pkg/util/api.go:83.2,83.105 1 1
github.com/k3s-io/k3s/pkg/util/api.go:83.105,86.42 3 1
github.com/k3s-io/k3s/pkg/util/api.go:86.42,89.4 2 1
github.com/k3s-io/k3s/pkg/util/api.go:90.3,90.36 1 1
github.com/k3s-io/k3s/pkg/util/api.go:90.36,95.4 4 0
github.com/k3s-io/k3s/pkg/util/api.go:97.3,97.19 1 1
github.com/k3s-io/k3s/pkg/util/api.go:100.2,100.16 1 1
github.com/k3s-io/k3s/pkg/util/api.go:100.16,102.3 1 0
github.com/k3s-io/k3s/pkg/util/api.go:104.2,104.12 1 1
github.com/k3s-io/k3s/pkg/util/api.go:113.166,116.16 3 1
github.com/k3s-io/k3s/pkg/util/api.go:116.16,118.3 1 0
github.com/k3s-io/k3s/pkg/util/api.go:119.2,120.16 2 1
github.com/k3s-io/k3s/pkg/util/api.go:120.16,122.3 1 0
github.com/k3s-io/k3s/pkg/util/api.go:124.2,125.40 2 1
github.com/k3s-io/k3s/pkg/util/api.go:125.40,127.3 1 1
github.com/k3s-io/k3s/pkg/util/api.go:127.8,129.3 1 1
github.com/k3s-io/k3s/pkg/util/api.go:131.2,131.105 1 1
github.com/k3s-io/k3s/pkg/util/api.go:131.105,133.18 2 1
github.com/k3s-io/k3s/pkg/util/api.go:133.18,136.4 2 0
github.com/k3s-io/k3s/pkg/util/api.go:137.3,137.21 1 1
github.com/k3s-io/k3s/pkg/util/api.go:137.21,139.4 1 1
github.com/k3s-io/k3s/pkg/util/api.go:140.3,141.20 2 1
github.com/k3s-io/k3s/pkg/util/api.go:144.2,144.16 1 1
github.com/k3s-io/k3s/pkg/util/api.go:144.16,146.3 1 0
github.com/k3s-io/k3s/pkg/util/api.go:148.2,148.12 1 1
github.com/k3s-io/k3s/pkg/util/api.go:153.153,154.87 1 1
github.com/k3s-io/k3s/pkg/util/api.go:154.87,160.17 2 1
github.com/k3s-io/k3s/pkg/util/api.go:160.17,162.4 1 0
github.com/k3s-io/k3s/pkg/util/api.go:163.3,163.24 1 1
github.com/k3s-io/k3s/pkg/util/api.go:169.179,170.87 1 1
github.com/k3s-io/k3s/pkg/util/api.go:170.87,178.17 2 1
github.com/k3s-io/k3s/pkg/util/api.go:178.17,180.4 1 0
github.com/k3s-io/k3s/pkg/util/api.go:181.3,181.24 1 1
github.com/k3s-io/k3s/pkg/util/api.go:185.115,192.2 6 1
github.com/k3s-io/k3s/pkg/util/api.go:196.77,198.2 1 1
github.com/k3s-io/k3s/pkg/util/cert.go:11.81,13.33 2 1
github.com/k3s-io/k3s/pkg/util/cert.go:13.33,15.3 1 1
github.com/k3s-io/k3s/pkg/util/cert.go:16.2,16.17 1 1
github.com/k3s-io/k3s/pkg/util/client.go:14.44,15.16 1 0
github.com/k3s-io/k3s/pkg/util/client.go:15.16,17.3 1 0
github.com/k3s-io/k3s/pkg/util/client.go:18.2,20.35 3 0
github.com/k3s-io/k3s/pkg/util/client.go:24.61,26.16 2 1
github.com/k3s-io/k3s/pkg/util/client.go:26.16,28.3 1 0
github.com/k3s-io/k3s/pkg/util/client.go:30.2,30.43 1 1
github.com/k3s-io/k3s/pkg/util/client.go:36.45,38.23 2 1
github.com/k3s-io/k3s/pkg/util/client.go:38.23,40.3 1 1
github.com/k3s-io/k3s/pkg/util/client.go:41.2,41.15 1 1
github.com/k3s-io/k3s/pkg/util/file.go:9.62,11.2 1 1
github.com/k3s-io/k3s/pkg/util/file.go:13.64,15.2 1 1
github.com/k3s-io/k3s/pkg/util/gates.go:4.49,5.19 1 0
github.com/k3s-io/k3s/pkg/util/gates.go:5.19,7.3 1 0
github.com/k3s-io/k3s/pkg/util/gates.go:8.2,8.28 1 0
github.com/k3s-io/k3s/pkg/util/net.go:16.37,18.29 2 1
github.com/k3s-io/k3s/pkg/util/net.go:18.29,20.3 1 1
github.com/k3s-io/k3s/pkg/util/net.go:21.2,21.32 1 1
github.com/k3s-io/k3s/pkg/util/net.go:25.44,27.29 2 1
github.com/k3s-io/k3s/pkg/util/net.go:27.29,29.3 1 1
github.com/k3s-io/k3s/pkg/util/net.go:30.2,30.32 1 1
github.com/k3s-io/k3s/pkg/util/net.go:35.59,36.29 1 1
github.com/k3s-io/k3s/pkg/util/net.go:36.29,37.42 1 1
github.com/k3s-io/k3s/pkg/util/net.go:37.42,38.12 1 0
github.com/k3s-io/k3s/pkg/util/net.go:40.3,40.19 1 1
github.com/k3s-io/k3s/pkg/util/net.go:42.2,42.47 1 0
github.com/k3s-io/k3s/pkg/util/net.go:47.48,48.29 1 1
github.com/k3s-io/k3s/pkg/util/net.go:48.29,49.39 1 1
github.com/k3s-io/k3s/pkg/util/net.go:49.39,50.12 1 0
github.com/k3s-io/k3s/pkg/util/net.go:52.3,52.19 1 1
github.com/k3s-io/k3s/pkg/util/net.go:54.2,54.49 1 0
github.com/k3s-io/k3s/pkg/util/net.go:59.54,61.29 2 1
github.com/k3s-io/k3s/pkg/util/net.go:61.29,62.46 1 1
github.com/k3s-io/k3s/pkg/util/net.go:62.46,64.4 1 1
github.com/k3s-io/k3s/pkg/util/net.go:66.2,67.16 2 1
github.com/k3s-io/k3s/pkg/util/net.go:67.16,69.3 1 0
github.com/k3s-io/k3s/pkg/util/net.go:70.2,70.25 1 1
github.com/k3s-io/k3s/pkg/util/net.go:74.45,76.29 2 0
github.com/k3s-io/k3s/pkg/util/net.go:76.29,77.42 1 0
github.com/k3s-io/k3s/pkg/util/net.go:77.42,79.4 1 0
github.com/k3s-io/k3s/pkg/util/net.go:81.2,81.32 1 0
github.com/k3s-io/k3s/pkg/util/net.go:86.48,87.29 1 0
github.com/k3s-io/k3s/pkg/util/net.go:87.29,88.40 1 0
github.com/k3s-io/k3s/pkg/util/net.go:88.40,89.12 1 0
github.com/k3s-io/k3s/pkg/util/net.go:91.3,91.19 1 0
github.com/k3s-io/k3s/pkg/util/net.go:93.2,93.49 1 0
github.com/k3s-io/k3s/pkg/util/net.go:98.59,99.29 1 0
github.com/k3s-io/k3s/pkg/util/net.go:99.29,100.43 1 0
github.com/k3s-io/k3s/pkg/util/net.go:100.43,101.12 1 0
github.com/k3s-io/k3s/pkg/util/net.go:103.3,103.19 1 0
github.com/k3s-io/k3s/pkg/util/net.go:105.2,105.47 1 0
github.com/k3s-io/k3s/pkg/util/net.go:110.54,112.29 2 0
github.com/k3s-io/k3s/pkg/util/net.go:112.29,113.46 1 0
github.com/k3s-io/k3s/pkg/util/net.go:113.46,115.4 1 0
github.com/k3s-io/k3s/pkg/util/net.go:117.2,118.16 2 0
github.com/k3s-io/k3s/pkg/util/net.go:118.16,120.3 1 0
github.com/k3s-io/k3s/pkg/util/net.go:121.2,121.25 1 0
github.com/k3s-io/k3s/pkg/util/net.go:125.45,127.29 2 0
github.com/k3s-io/k3s/pkg/util/net.go:127.29,128.42 1 0
github.com/k3s-io/k3s/pkg/util/net.go:128.42,130.4 1 0
github.com/k3s-io/k3s/pkg/util/net.go:132.2,132.32 1 0
github.com/k3s-io/k3s/pkg/util/net.go:138.88,140.23 2 1
github.com/k3s-io/k3s/pkg/util/net.go:140.23,142.17 2 0
github.com/k3s-io/k3s/pkg/util/net.go:142.17,144.4 1 0
github.com/k3s-io/k3s/pkg/util/net.go:145.3,147.26 2 0
github.com/k3s-io/k3s/pkg/util/net.go:147.26,149.45 2 0
github.com/k3s-io/k3s/pkg/util/net.go:149.45,151.5 1 0
github.com/k3s-io/k3s/pkg/util/net.go:153.8,156.17 3 1
github.com/k3s-io/k3s/pkg/util/net.go:156.17,158.4 1 0
github.com/k3s-io/k3s/pkg/util/net.go:161.2,161.16 1 1
github.com/k3s-io/k3s/pkg/util/net.go:161.16,163.17 2 1
github.com/k3s-io/k3s/pkg/util/net.go:163.17,165.4 1 0
github.com/k3s-io/k3s/pkg/util/net.go:166.3,166.18 1 1
github.com/k3s-io/k3s/pkg/util/net.go:171.2,173.23 2 1
github.com/k3s-io/k3s/pkg/util/net.go:178.65,180.31 2 1
github.com/k3s-io/k3s/pkg/util/net.go:180.31,181.52 1 1
github.com/k3s-io/k3s/pkg/util/net.go:181.52,183.17 2 1
github.com/k3s-io/k3s/pkg/util/net.go:183.17,185.5 1 0
github.com/k3s-io/k3s/pkg/util/net.go:186.4,186.25 1 1
github.com/k3s-io/k3s/pkg/util/net.go:190.2,190.17 1 1
github.com/k3s-io/k3s/pkg/util/net.go:195.54,196.31 1 1
github.com/k3s-io/k3s/pkg/util/net.go:196.31,197.52 1 1
github.com/k3s-io/k3s/pkg/util/net.go:197.52,198.39 1 1
github.com/k3s-io/k3s/pkg/util/net.go:198.39,200.5 1 1
github.com/k3s-io/k3s/pkg/util/net.go:203.2,203.11 1 0
github.com/k3s-io/k3s/pkg/util/net.go:210.65,214.16 4 1
github.com/k3s-io/k3s/pkg/util/net.go:214.16,216.17 2 0
github.com/k3s-io/k3s/pkg/util/net.go:216.17,218.4 1 0
github.com/k3s-io/k3s/pkg/util/net.go:219.3,220.18 2 0
github.com/k3s-io/k3s/pkg/util/net.go:222.2,222.45 1 1
github.com/k3s-io/k3s/pkg/util/net.go:228.58,230.16 2 1
github.com/k3s-io/k3s/pkg/util/net.go:230.16,232.17 2 0
github.com/k3s-io/k3s/pkg/util/net.go:232.17,234.4 1 0
github.com/k3s-io/k3s/pkg/util/net.go:236.2,236.28 1 1
github.com/k3s-io/k3s/pkg/util/net.go:242.59,245.16 3 1
github.com/k3s-io/k3s/pkg/util/net.go:245.16,247.17 2 0
github.com/k3s-io/k3s/pkg/util/net.go:247.17,249.4 1 0
github.com/k3s-io/k3s/pkg/util/net.go:250.3,250.18 1 0
github.com/k3s-io/k3s/pkg/util/net.go:252.2,252.26 1 1
github.com/k3s-io/k3s/pkg/util/net.go:259.56,262.29 3 1
github.com/k3s-io/k3s/pkg/util/net.go:262.29,263.18 1 1
github.com/k3s-io/k3s/pkg/util/net.go:263.18,265.4 1 0
github.com/k3s-io/k3s/pkg/util/net.go:267.3,267.25 1 1
github.com/k3s-io/k3s/pkg/util/net.go:267.25,268.12 1 0
github.com/k3s-io/k3s/pkg/util/net.go:271.3,271.45 1 1
github.com/k3s-io/k3s/pkg/util/net.go:271.45,273.12 2 0
github.com/k3s-io/k3s/pkg/util/net.go:275.3,275.17 1 1
github.com/k3s-io/k3s/pkg/util/net.go:278.2,278.33 1 1
github.com/k3s-io/k3s/pkg/util/net.go:282.47,284.36 2 1
github.com/k3s-io/k3s/pkg/util/net.go:284.36,286.3 1 0
github.com/k3s-io/k3s/pkg/util/net.go:286.8,288.3 1 1
github.com/k3s-io/k3s/pkg/util/net.go:289.2,290.18 2 1
github.com/k3s-io/k3s/pkg/util/net.go:294.58,295.36 1 1
github.com/k3s-io/k3s/pkg/util/net.go:295.36,297.3 1 0
github.com/k3s-io/k3s/pkg/util/net.go:297.8,299.3 1 1
github.com/k3s-io/k3s/pkg/util/net.go:300.2,301.18 2 1
github.com/k3s-io/k3s/pkg/util/net.go:305.50,307.16 2 1
github.com/k3s-io/k3s/pkg/util/net.go:307.16,309.3 1 0
github.com/k3s-io/k3s/pkg/util/net.go:309.8,311.3 1 1
github.com/k3s-io/k3s/pkg/util/net.go:312.2,312.11 1 1
github.com/k3s-io/k3s/pkg/util/net.go:316.59,318.16 2 1
github.com/k3s-io/k3s/pkg/util/net.go:318.16,320.3 1 0
github.com/k3s-io/k3s/pkg/util/net.go:321.2,322.16 2 1
github.com/k3s-io/k3s/pkg/util/net.go:322.16,324.3 1 0
github.com/k3s-io/k3s/pkg/util/net.go:325.2,325.33 1 1
github.com/k3s-io/k3s/pkg/util/net.go:325.33,327.3 1 0
github.com/k3s-io/k3s/pkg/util/net.go:329.2,331.29 3 1
github.com/k3s-io/k3s/pkg/util/net.go:331.29,333.17 2 1
github.com/k3s-io/k3s/pkg/util/net.go:333.17,335.4 1 0
github.com/k3s-io/k3s/pkg/util/net.go:337.3,337.22 1 1
github.com/k3s-io/k3s/pkg/util/net.go:337.22,338.28 1 1
github.com/k3s-io/k3s/pkg/util/net.go:338.28,340.5 1 0
github.com/k3s-io/k3s/pkg/util/net.go:341.4,341.12 1 1
github.com/k3s-io/k3s/pkg/util/net.go:343.3,343.27 1 1
github.com/k3s-io/k3s/pkg/util/net.go:343.27,345.4 1 1
github.com/k3s-io/k3s/pkg/util/net.go:348.2,348.29 1 1
github.com/k3s-io/k3s/pkg/util/net.go:348.29,350.3 1 0
github.com/k3s-io/k3s/pkg/util/net.go:351.2,351.62 1 1
github.com/k3s-io/k3s/pkg/util/net.go:351.62,353.3 1 1
github.com/k3s-io/k3s/pkg/util/net.go:353.8,353.68 1 0
github.com/k3s-io/k3s/pkg/util/net.go:353.68,355.3 1 0
github.com/k3s-io/k3s/pkg/util/net.go:355.8,355.40 1 0
github.com/k3s-io/k3s/pkg/util/net.go:355.40,357.3 1 0
github.com/k3s-io/k3s/pkg/util/net.go:359.2,359.68 1 0
github.com/k3s-io/k3s/pkg/util/reflect.go:8.44,10.2 1 0
